[2022-12-11 11:41:48Z INFO HostContext] No proxy settings were found based on environmental variables (http_proxy/https_proxy/HTTP_PROXY/HTTPS_PROXY)
[2022-12-11 11:41:48Z INFO HostContext] Well known directory 'Bin': 'C:\Projects\django-git\actions-runner\bin'
[2022-12-11 11:41:48Z INFO HostContext] Well known directory 'Root': 'C:\Projects\django-git\actions-runner'
[2022-12-11 11:41:48Z INFO HostContext] Well known config file 'Credentials': 'C:\Projects\django-git\actions-runner\.credentials'
[2022-12-11 11:41:48Z INFO HostContext] Well known directory 'Bin': 'C:\Projects\django-git\actions-runner\bin'
[2022-12-11 11:41:48Z INFO HostContext] Well known directory 'Root': 'C:\Projects\django-git\actions-runner'
[2022-12-11 11:41:48Z INFO HostContext] Well known config file 'Runner': 'C:\Projects\django-git\actions-runner\.runner'
[2022-12-11 11:41:48Z INFO Listener] Runner is built for Windows (X64) - win-x64.
[2022-12-11 11:41:48Z INFO Listener] RuntimeInformation: Microsoft Windows 10.0.22000.
[2022-12-11 11:41:48Z INFO Listener] Version: 2.299.1
[2022-12-11 11:41:48Z INFO Listener] Commit: 2e44f985bd9bf890dc061e654f6a850c6f1249cf
[2022-12-11 11:41:48Z INFO Listener] Culture: en-IN
[2022-12-11 11:41:48Z INFO Listener] UI Culture: en-US
[2022-12-11 11:41:48Z INFO HostContext] Well known directory 'Bin': 'C:\Projects\django-git\actions-runner\bin'
[2022-12-11 11:41:48Z INFO HostContext] Well known directory 'Root': 'C:\Projects\django-git\actions-runner'
[2022-12-11 11:41:48Z INFO Listener] Validating directory permissions for: 'C:\Projects\django-git\actions-runner'
[2022-12-11 11:41:48Z INFO CommandLineParser] Parse
[2022-12-11 11:41:48Z INFO CommandLineParser] Parsing 1 args
[2022-12-11 11:41:48Z INFO CommandLineParser] parsing argument
[2022-12-11 11:41:48Z INFO CommandLineParser] HasArgs: False
[2022-12-11 11:41:48Z INFO CommandLineParser] Adding Command: run
[2022-12-11 11:41:48Z INFO Listener] Arguments parsed
[2022-12-11 11:41:48Z INFO Runner] ExecuteCommand
[2022-12-11 11:41:48Z INFO ConfigurationStore] currentAssemblyLocation: C:\Projects\django-git\actions-runner\bin\Runner.Listener.dll
[2022-12-11 11:41:48Z INFO HostContext] Well known directory 'Bin': 'C:\Projects\django-git\actions-runner\bin'
[2022-12-11 11:41:48Z INFO ConfigurationStore] binPath: C:\Projects\django-git\actions-runner\bin
[2022-12-11 11:41:48Z INFO HostContext] Well known directory 'Bin': 'C:\Projects\django-git\actions-runner\bin'
[2022-12-11 11:41:48Z INFO HostContext] Well known directory 'Root': 'C:\Projects\django-git\actions-runner'
[2022-12-11 11:41:48Z INFO ConfigurationStore] RootFolder: C:\Projects\django-git\actions-runner
[2022-12-11 11:41:48Z INFO HostContext] Well known directory 'Bin': 'C:\Projects\django-git\actions-runner\bin'
[2022-12-11 11:41:48Z INFO HostContext] Well known directory 'Root': 'C:\Projects\django-git\actions-runner'
[2022-12-11 11:41:48Z INFO HostContext] Well known config file 'Runner': 'C:\Projects\django-git\actions-runner\.runner'
[2022-12-11 11:41:48Z INFO ConfigurationStore] ConfigFilePath: C:\Projects\django-git\actions-runner\.runner
[2022-12-11 11:41:48Z INFO HostContext] Well known directory 'Bin': 'C:\Projects\django-git\actions-runner\bin'
[2022-12-11 11:41:48Z INFO HostContext] Well known directory 'Root': 'C:\Projects\django-git\actions-runner'
[2022-12-11 11:41:48Z INFO HostContext] Well known config file 'Credentials': 'C:\Projects\django-git\actions-runner\.credentials'
[2022-12-11 11:41:48Z INFO ConfigurationStore] CredFilePath: C:\Projects\django-git\actions-runner\.credentials
[2022-12-11 11:41:48Z INFO HostContext] Well known directory 'Bin': 'C:\Projects\django-git\actions-runner\bin'
[2022-12-11 11:41:48Z INFO HostContext] Well known directory 'Root': 'C:\Projects\django-git\actions-runner'
[2022-12-11 11:41:48Z INFO HostContext] Well known config file 'MigratedCredentials': 'C:\Projects\django-git\actions-runner\.credentials_migrated'
[2022-12-11 11:41:48Z INFO ConfigurationStore] MigratedCredFilePath: C:\Projects\django-git\actions-runner\.credentials_migrated
[2022-12-11 11:41:48Z INFO HostContext] Well known directory 'Bin': 'C:\Projects\django-git\actions-runner\bin'
[2022-12-11 11:41:48Z INFO HostContext] Well known directory 'Root': 'C:\Projects\django-git\actions-runner'
[2022-12-11 11:41:48Z INFO HostContext] Well known config file 'Service': 'C:\Projects\django-git\actions-runner\.service'
[2022-12-11 11:41:48Z INFO ConfigurationStore] ServiceConfigFilePath: C:\Projects\django-git\actions-runner\.service
[2022-12-11 11:41:48Z INFO CommandSettings] Flag 'help': 'False'
[2022-12-11 11:41:48Z INFO CommandSettings] Flag 'version': 'False'
[2022-12-11 11:41:48Z INFO CommandSettings] Flag 'commit': 'False'
[2022-12-11 11:41:48Z INFO CommandSettings] Flag 'check': 'False'
[2022-12-11 11:41:48Z INFO CommandSettings] Command 'configure': 'False'
[2022-12-11 11:41:48Z INFO CommandSettings] Command 'remove': 'False'
[2022-12-11 11:41:48Z INFO CommandSettings] Command 'warmup': 'False'
[2022-12-11 11:41:48Z INFO ConfigurationManager] LoadSettings
[2022-12-11 11:41:48Z INFO ConfigurationStore] IsConfigured()
[2022-12-11 11:41:48Z INFO ConfigurationStore] IsConfigured: True
[2022-12-11 11:41:48Z INFO ConfigurationManager] Is configured: True
[2022-12-11 11:41:48Z INFO ConfigurationStore] Read setting file: 304 chars
[2022-12-11 11:41:48Z INFO ConfigurationManager] Settings Loaded
[2022-12-11 11:41:48Z INFO ConfigurationStore] IsServiceConfigured()
[2022-12-11 11:41:48Z INFO ConfigurationStore] IsServiceConfigured: True
[2022-12-11 11:41:48Z INFO CommandSettings] Command 'run': 'True'
[2022-12-11 11:41:48Z INFO ConfigurationStore] IsConfigured()
[2022-12-11 11:41:48Z INFO ConfigurationStore] IsConfigured: True
[2022-12-11 11:41:48Z INFO ConfigurationManager] Is configured: True
[2022-12-11 11:41:48Z INFO Runner] Try determine runner startup type base on console redirects.
[2022-12-11 11:41:48Z INFO Runner] Set runner startup type - Manual
[2022-12-11 11:41:48Z INFO CommandSettings] Flag 'once': 'False'
[2022-12-11 11:41:48Z INFO CommandSettings] Flag 'once': 'False'
[2022-12-11 11:41:48Z INFO Runner] RunAsync
[2022-12-11 11:41:48Z INFO ConfigurationManager] LoadSettings
[2022-12-11 11:41:48Z INFO ConfigurationStore] IsConfigured()
[2022-12-11 11:41:48Z INFO ConfigurationStore] IsConfigured: True
[2022-12-11 11:41:48Z INFO ConfigurationManager] Is configured: True
[2022-12-11 11:41:48Z INFO ConfigurationManager] Settings Loaded
[2022-12-11 11:41:48Z INFO MessageListener] {
  "AgentId": 24,
  "AgentName": "AZ-GJ8VFER9",
  "PoolId": 1,
  "PoolName": "Default",
  "ServerUrl": "https://pipelines.actions.githubusercontent.com/okZDyHW4FaGlgThOV4XaWT7s0z4adscobM2TweqtV7dRUuEPO6",
  "GitHubUrl": "https://github.com/rbashish/rbashish.github.io",
  "WorkFolder": "_work"
}
[2022-12-11 11:41:48Z INFO MessageListener] Loading Credentials
[2022-12-11 11:41:48Z INFO ConfigurationStore] HasCredentials()
[2022-12-11 11:41:48Z INFO ConfigurationStore] stored True
[2022-12-11 11:41:48Z INFO CredentialManager] GetCredentialProvider
[2022-12-11 11:41:48Z INFO CredentialManager] Creating type OAuth
[2022-12-11 11:41:48Z INFO CredentialManager] Creating credential type: OAuth
[2022-12-11 11:41:48Z INFO HostContext] Well known directory 'Bin': 'C:\Projects\django-git\actions-runner\bin'
[2022-12-11 11:41:48Z INFO HostContext] Well known directory 'Root': 'C:\Projects\django-git\actions-runner'
[2022-12-11 11:41:48Z INFO HostContext] Well known config file 'RSACredentials': 'C:\Projects\django-git\actions-runner\.credentials_rsaparams'
[2022-12-11 11:41:48Z INFO RSAEncryptedFileKeyManager] Loading RSA key parameters from file C:\Projects\django-git\actions-runner\.credentials_rsaparams
[2022-12-11 11:41:48Z INFO MessageListener] Attempt to create session.
[2022-12-11 11:41:48Z INFO MessageListener] Connecting to the Runner Server...
[2022-12-11 11:41:48Z INFO RunnerServer] EstablishVssConnection
[2022-12-11 11:41:48Z INFO RunnerServer] Establish connection with 100 seconds timeout.
[2022-12-11 11:41:48Z INFO GitHubActionsService] Starting operation Location.GetConnectionData
[2022-12-11 11:41:48Z INFO RunnerServer] EstablishVssConnection
[2022-12-11 11:41:48Z INFO RunnerServer] Establish connection with 60 seconds timeout.
[2022-12-11 11:41:48Z INFO GitHubActionsService] Starting operation Location.GetConnectionData
[2022-12-11 11:41:48Z INFO RunnerServer] EstablishVssConnection
[2022-12-11 11:41:48Z INFO RunnerServer] Establish connection with 60 seconds timeout.
[2022-12-11 11:41:48Z INFO GitHubActionsService] Starting operation Location.GetConnectionData
[2022-12-11 11:41:49Z INFO GitHubActionsService] Finished operation Location.GetConnectionData
[2022-12-11 11:41:49Z INFO GitHubActionsService] Finished operation Location.GetConnectionData
[2022-12-11 11:41:49Z INFO GitHubActionsService] Finished operation Location.GetConnectionData
[2022-12-11 11:41:49Z INFO MessageListener] VssConnection created
[2022-12-11 11:41:49Z INFO Terminal] WRITE LINE: 
[2022-12-11 11:41:49Z INFO Terminal] WRITE LINE: 
[2022-12-11 11:41:50Z INFO RSAEncryptedFileKeyManager] Loading RSA key parameters from file C:\Projects\django-git\actions-runner\.credentials_rsaparams
[2022-12-11 11:41:50Z INFO RSAEncryptedFileKeyManager] Loading RSA key parameters from file C:\Projects\django-git\actions-runner\.credentials_rsaparams
[2022-12-11 11:41:51Z INFO GitHubActionsService] AAD Correlation ID for this token request: Unknown
[2022-12-11 11:41:51Z ERR  GitHubActionsService] POST request to https://pipelines.actions.githubusercontent.com/okZDyHW4FaGlgThOV4XaWT7s0z4adscobM2TweqtV7dRUuEPO6/_apis/distributedtask/pools/1/sessions failed. HTTP Status: Conflict, AFD Ref: Ref A: B939A8F34E22430F8BB56DD20A9BBE9A Ref B: DEL01EDGE0506 Ref C: 2022-12-11T11:41:51Z
[2022-12-11 11:41:51Z ERR  MessageListener] Catch exception during create session.
[2022-12-11 11:41:51Z ERR  MessageListener] GitHub.DistributedTask.WebApi.TaskAgentSessionConflictException: The actions runner AZ-GJ8VFER9 already has an active session for owner AZ-GJ8VFER9.
   at GitHub.Services.WebApi.VssHttpClientBase.HandleResponseAsync(HttpResponseMessage response, CancellationToken cancellationToken)
   at GitHub.Services.WebApi.VssHttpClientBase.SendAsync(HttpRequestMessage message, HttpCompletionOption completionOption, Object userState, CancellationToken cancellationToken)
   at GitHub.Services.WebApi.VssHttpClientBase.SendAsync[T](HttpRequestMessage message, Object userState, CancellationToken cancellationToken)
   at GitHub.Services.WebApi.VssHttpClientBase.SendAsync[T](HttpMethod method, IEnumerable`1 additionalHeaders, Guid locationId, Object routeValues, ApiResourceVersion version, HttpContent content, IEnumerable`1 queryParameters, Object userState, CancellationToken cancellationToken)
   at GitHub.Runner.Listener.MessageListener.CreateSessionAsync(CancellationToken token)
[2022-12-11 11:41:51Z INFO MessageListener] The session for this runner already exists.
[2022-12-11 11:41:51Z ERR  Terminal] WRITE ERROR: A session for this runner already exists.
[2022-12-11 11:41:51Z INFO MessageListener] The session conflict exception haven't reached retry limit.
[2022-12-11 11:41:51Z ERR  Terminal] WRITE ERROR: 2022-12-11 11:41:51Z: Runner connect error: The actions runner AZ-GJ8VFER9 already has an active session for owner AZ-GJ8VFER9.. Retrying until reconnected.
[2022-12-11 11:41:51Z INFO MessageListener] Sleeping for 30 seconds before retrying.
[2022-12-11 11:42:21Z INFO MessageListener] Attempt to create session.
[2022-12-11 11:42:21Z INFO MessageListener] Connecting to the Runner Server...
[2022-12-11 11:42:21Z INFO RunnerServer] EstablishVssConnection
[2022-12-11 11:42:21Z INFO RunnerServer] Establish connection with 100 seconds timeout.
[2022-12-11 11:42:21Z INFO GitHubActionsService] Starting operation Location.GetConnectionData
[2022-12-11 11:42:21Z INFO RunnerServer] EstablishVssConnection
[2022-12-11 11:42:21Z INFO RunnerServer] Establish connection with 60 seconds timeout.
[2022-12-11 11:42:21Z INFO GitHubActionsService] Starting operation Location.GetConnectionData
[2022-12-11 11:42:21Z INFO RunnerServer] EstablishVssConnection
[2022-12-11 11:42:21Z INFO RunnerServer] Establish connection with 60 seconds timeout.
[2022-12-11 11:42:21Z INFO GitHubActionsService] Starting operation Location.GetConnectionData
[2022-12-11 11:42:22Z INFO GitHubActionsService] Finished operation Location.GetConnectionData
[2022-12-11 11:42:22Z INFO GitHubActionsService] Finished operation Location.GetConnectionData
[2022-12-11 11:42:22Z INFO GitHubActionsService] Finished operation Location.GetConnectionData
[2022-12-11 11:42:22Z INFO MessageListener] VssConnection created
[2022-12-11 11:42:22Z INFO Terminal] WRITE LINE: 
[2022-12-11 11:42:22Z INFO Terminal] WRITE LINE: 
[2022-12-11 11:42:23Z ERR  GitHubActionsService] POST request to https://pipelines.actions.githubusercontent.com/okZDyHW4FaGlgThOV4XaWT7s0z4adscobM2TweqtV7dRUuEPO6/_apis/distributedtask/pools/1/sessions failed. HTTP Status: Conflict, AFD Ref: Ref A: 569ADA0EE07B451284FB1552A227CA64 Ref B: DEL01EDGE0518 Ref C: 2022-12-11T11:42:23Z
[2022-12-11 11:42:23Z ERR  MessageListener] Catch exception during create session.
[2022-12-11 11:42:23Z ERR  MessageListener] GitHub.DistributedTask.WebApi.TaskAgentSessionConflictException: The actions runner AZ-GJ8VFER9 already has an active session for owner AZ-GJ8VFER9.
   at GitHub.Services.WebApi.VssHttpClientBase.HandleResponseAsync(HttpResponseMessage response, CancellationToken cancellationToken)
   at GitHub.Services.WebApi.VssHttpClientBase.SendAsync(HttpRequestMessage message, HttpCompletionOption completionOption, Object userState, CancellationToken cancellationToken)
   at GitHub.Services.WebApi.VssHttpClientBase.SendAsync[T](HttpRequestMessage message, Object userState, CancellationToken cancellationToken)
   at GitHub.Services.WebApi.VssHttpClientBase.SendAsync[T](HttpMethod method, IEnumerable`1 additionalHeaders, Guid locationId, Object routeValues, ApiResourceVersion version, HttpContent content, IEnumerable`1 queryParameters, Object userState, CancellationToken cancellationToken)
   at GitHub.Runner.Listener.MessageListener.CreateSessionAsync(CancellationToken token)
[2022-12-11 11:42:23Z INFO MessageListener] The session for this runner already exists.
[2022-12-11 11:42:23Z ERR  Terminal] WRITE ERROR: A session for this runner already exists.
[2022-12-11 11:42:23Z INFO MessageListener] The session conflict exception haven't reached retry limit.
[2022-12-11 11:42:23Z INFO MessageListener] Sleeping for 30 seconds before retrying.
[2022-12-11 11:42:53Z INFO MessageListener] Attempt to create session.
[2022-12-11 11:42:53Z INFO MessageListener] Connecting to the Runner Server...
[2022-12-11 11:42:53Z INFO RunnerServer] EstablishVssConnection
[2022-12-11 11:42:53Z INFO RunnerServer] Establish connection with 100 seconds timeout.
[2022-12-11 11:42:53Z INFO GitHubActionsService] Starting operation Location.GetConnectionData
[2022-12-11 11:42:53Z INFO RunnerServer] EstablishVssConnection
[2022-12-11 11:42:53Z INFO RunnerServer] Establish connection with 60 seconds timeout.
[2022-12-11 11:42:53Z INFO GitHubActionsService] Starting operation Location.GetConnectionData
[2022-12-11 11:42:53Z INFO RunnerServer] EstablishVssConnection
[2022-12-11 11:42:53Z INFO RunnerServer] Establish connection with 60 seconds timeout.
[2022-12-11 11:42:53Z INFO GitHubActionsService] Starting operation Location.GetConnectionData
[2022-12-11 11:42:54Z INFO GitHubActionsService] Finished operation Location.GetConnectionData
[2022-12-11 11:42:54Z INFO GitHubActionsService] Finished operation Location.GetConnectionData
[2022-12-11 11:42:54Z INFO GitHubActionsService] Finished operation Location.GetConnectionData
[2022-12-11 11:42:54Z INFO MessageListener] VssConnection created
[2022-12-11 11:42:54Z INFO Terminal] WRITE LINE: 
[2022-12-11 11:42:54Z INFO Terminal] WRITE LINE: 
[2022-12-11 11:42:54Z ERR  GitHubActionsService] POST request to https://pipelines.actions.githubusercontent.com/okZDyHW4FaGlgThOV4XaWT7s0z4adscobM2TweqtV7dRUuEPO6/_apis/distributedtask/pools/1/sessions failed. HTTP Status: Conflict, AFD Ref: Ref A: 6E3CCB0A228F4CA1A8E16E2EB643A986 Ref B: DEL01EDGE0816 Ref C: 2022-12-11T11:42:54Z
[2022-12-11 11:42:54Z ERR  MessageListener] Catch exception during create session.
[2022-12-11 11:42:54Z ERR  MessageListener] GitHub.DistributedTask.WebApi.TaskAgentSessionConflictException: The actions runner AZ-GJ8VFER9 already has an active session for owner AZ-GJ8VFER9.
   at GitHub.Services.WebApi.VssHttpClientBase.HandleResponseAsync(HttpResponseMessage response, CancellationToken cancellationToken)
   at GitHub.Services.WebApi.VssHttpClientBase.SendAsync(HttpRequestMessage message, HttpCompletionOption completionOption, Object userState, CancellationToken cancellationToken)
   at GitHub.Services.WebApi.VssHttpClientBase.SendAsync[T](HttpRequestMessage message, Object userState, CancellationToken cancellationToken)
   at GitHub.Services.WebApi.VssHttpClientBase.SendAsync[T](HttpMethod method, IEnumerable`1 additionalHeaders, Guid locationId, Object routeValues, ApiResourceVersion version, HttpContent content, IEnumerable`1 queryParameters, Object userState, CancellationToken cancellationToken)
   at GitHub.Runner.Listener.MessageListener.CreateSessionAsync(CancellationToken token)
[2022-12-11 11:42:54Z INFO MessageListener] The session for this runner already exists.
[2022-12-11 11:42:54Z ERR  Terminal] WRITE ERROR: A session for this runner already exists.
[2022-12-11 11:42:54Z INFO MessageListener] The session conflict exception haven't reached retry limit.
[2022-12-11 11:42:54Z INFO MessageListener] Sleeping for 30 seconds before retrying.
[2022-12-11 11:43:24Z INFO MessageListener] Attempt to create session.
[2022-12-11 11:43:24Z INFO MessageListener] Connecting to the Runner Server...
[2022-12-11 11:43:24Z INFO RunnerServer] EstablishVssConnection
[2022-12-11 11:43:24Z INFO RunnerServer] Establish connection with 100 seconds timeout.
[2022-12-11 11:43:24Z INFO GitHubActionsService] Starting operation Location.GetConnectionData
[2022-12-11 11:43:24Z INFO RunnerServer] EstablishVssConnection
[2022-12-11 11:43:24Z INFO RunnerServer] Establish connection with 60 seconds timeout.
[2022-12-11 11:43:24Z INFO GitHubActionsService] Starting operation Location.GetConnectionData
[2022-12-11 11:43:24Z INFO RunnerServer] EstablishVssConnection
[2022-12-11 11:43:24Z INFO RunnerServer] Establish connection with 60 seconds timeout.
[2022-12-11 11:43:24Z INFO GitHubActionsService] Starting operation Location.GetConnectionData
[2022-12-11 11:43:25Z INFO GitHubActionsService] Finished operation Location.GetConnectionData
[2022-12-11 11:43:25Z INFO GitHubActionsService] Finished operation Location.GetConnectionData
[2022-12-11 11:43:25Z INFO GitHubActionsService] Finished operation Location.GetConnectionData
[2022-12-11 11:43:25Z INFO MessageListener] VssConnection created
[2022-12-11 11:43:25Z INFO Terminal] WRITE LINE: 
[2022-12-11 11:43:25Z INFO Terminal] WRITE LINE: 
[2022-12-11 11:43:26Z ERR  GitHubActionsService] POST request to https://pipelines.actions.githubusercontent.com/okZDyHW4FaGlgThOV4XaWT7s0z4adscobM2TweqtV7dRUuEPO6/_apis/distributedtask/pools/1/sessions failed. HTTP Status: Conflict, AFD Ref: Ref A: EC364860BBFA4CAE9C31B91252FC48F1 Ref B: DEL01EDGE0707 Ref C: 2022-12-11T11:43:26Z
[2022-12-11 11:43:26Z ERR  MessageListener] Catch exception during create session.
[2022-12-11 11:43:26Z ERR  MessageListener] GitHub.DistributedTask.WebApi.TaskAgentSessionConflictException: The actions runner AZ-GJ8VFER9 already has an active session for owner AZ-GJ8VFER9.
   at GitHub.Services.WebApi.VssHttpClientBase.HandleResponseAsync(HttpResponseMessage response, CancellationToken cancellationToken)
   at GitHub.Services.WebApi.VssHttpClientBase.SendAsync(HttpRequestMessage message, HttpCompletionOption completionOption, Object userState, CancellationToken cancellationToken)
   at GitHub.Services.WebApi.VssHttpClientBase.SendAsync[T](HttpRequestMessage message, Object userState, CancellationToken cancellationToken)
   at GitHub.Services.WebApi.VssHttpClientBase.SendAsync[T](HttpMethod method, IEnumerable`1 additionalHeaders, Guid locationId, Object routeValues, ApiResourceVersion version, HttpContent content, IEnumerable`1 queryParameters, Object userState, CancellationToken cancellationToken)
   at GitHub.Runner.Listener.MessageListener.CreateSessionAsync(CancellationToken token)
[2022-12-11 11:43:26Z INFO MessageListener] The session for this runner already exists.
[2022-12-11 11:43:26Z ERR  Terminal] WRITE ERROR: A session for this runner already exists.
[2022-12-11 11:43:26Z INFO MessageListener] The session conflict exception haven't reached retry limit.
[2022-12-11 11:43:26Z INFO MessageListener] Sleeping for 30 seconds before retrying.
[2022-12-11 11:43:35Z INFO Terminal] WRITE LINE: Exiting...
[2022-12-11 11:43:35Z INFO ConfigurationStore] IsServiceConfigured()
[2022-12-11 11:43:35Z INFO ConfigurationStore] IsServiceConfigured: True
[2022-12-11 11:43:35Z INFO Runner] Received Ctrl-C signal, stop Runner.Listener and Runner.Worker.
[2022-12-11 11:43:35Z INFO HostContext] Runner will be shutdown for UserCancelled
[2022-12-11 11:43:35Z INFO Listener] Runner execution been cancelled.
