[2022-12-11 10:34:42Z INFO HostContext] No proxy settings were found based on environmental variables (http_proxy/https_proxy/HTTP_PROXY/HTTPS_PROXY)
[2022-12-11 10:34:42Z INFO HostContext] Well known directory 'Bin': 'C:\Projects\django-git\actions-runner\bin'
[2022-12-11 10:34:42Z INFO HostContext] Well known directory 'Root': 'C:\Projects\django-git\actions-runner'
[2022-12-11 10:34:42Z INFO HostContext] Well known config file 'Credentials': 'C:\Projects\django-git\actions-runner\.credentials'
[2022-12-11 10:34:42Z INFO HostContext] Well known directory 'Bin': 'C:\Projects\django-git\actions-runner\bin'
[2022-12-11 10:34:42Z INFO HostContext] Well known directory 'Root': 'C:\Projects\django-git\actions-runner'
[2022-12-11 10:34:42Z INFO HostContext] Well known config file 'Runner': 'C:\Projects\django-git\actions-runner\.runner'
[2022-12-11 10:34:42Z INFO Listener] Runner is built for Windows (X64) - win-x64.
[2022-12-11 10:34:42Z INFO Listener] RuntimeInformation: Microsoft Windows 10.0.22000.
[2022-12-11 10:34:42Z INFO Listener] Version: 2.299.1
[2022-12-11 10:34:42Z INFO Listener] Commit: 2e44f985bd9bf890dc061e654f6a850c6f1249cf
[2022-12-11 10:34:42Z INFO Listener] Culture: en-IN
[2022-12-11 10:34:42Z INFO Listener] UI Culture: en-US
[2022-12-11 10:34:42Z INFO HostContext] Well known directory 'Bin': 'C:\Projects\django-git\actions-runner\bin'
[2022-12-11 10:34:42Z INFO HostContext] Well known directory 'Root': 'C:\Projects\django-git\actions-runner'
[2022-12-11 10:34:42Z INFO Listener] Validating directory permissions for: 'C:\Projects\django-git\actions-runner'
[2022-12-11 10:34:42Z INFO CommandLineParser] Parse
[2022-12-11 10:34:42Z INFO CommandLineParser] Parsing 5 args
[2022-12-11 10:34:42Z INFO CommandLineParser] parsing argument
[2022-12-11 10:34:42Z INFO CommandLineParser] HasArgs: False
[2022-12-11 10:34:42Z INFO CommandLineParser] Adding Command: configure
[2022-12-11 10:34:42Z INFO CommandLineParser] parsing argument
[2022-12-11 10:34:42Z INFO CommandLineParser] HasArgs: True
[2022-12-11 10:34:42Z INFO CommandLineParser] arg: url
[2022-12-11 10:34:42Z INFO CommandLineParser] parsing argument
[2022-12-11 10:34:42Z INFO CommandLineParser] HasArgs: True
[2022-12-11 10:34:42Z INFO CommandLineParser] Adding option 'url': 'https://github.com/rbashish/rbashish.github.io'
[2022-12-11 10:34:42Z INFO CommandLineParser] parsing argument
[2022-12-11 10:34:42Z INFO CommandLineParser] HasArgs: True
[2022-12-11 10:34:42Z INFO CommandLineParser] arg: token
[2022-12-11 10:34:42Z INFO CommandLineParser] parsing argument
[2022-12-11 10:34:42Z INFO CommandLineParser] HasArgs: True
[2022-12-11 10:34:42Z INFO CommandLineParser] Adding option 'token': '***'
[2022-12-11 10:34:42Z INFO Listener] Arguments parsed
[2022-12-11 10:34:42Z INFO Runner] ExecuteCommand
[2022-12-11 10:34:42Z INFO ConfigurationStore] currentAssemblyLocation: C:\Projects\django-git\actions-runner\bin\Runner.Listener.dll
[2022-12-11 10:34:42Z INFO HostContext] Well known directory 'Bin': 'C:\Projects\django-git\actions-runner\bin'
[2022-12-11 10:34:42Z INFO ConfigurationStore] binPath: C:\Projects\django-git\actions-runner\bin
[2022-12-11 10:34:42Z INFO HostContext] Well known directory 'Bin': 'C:\Projects\django-git\actions-runner\bin'
[2022-12-11 10:34:42Z INFO HostContext] Well known directory 'Root': 'C:\Projects\django-git\actions-runner'
[2022-12-11 10:34:42Z INFO ConfigurationStore] RootFolder: C:\Projects\django-git\actions-runner
[2022-12-11 10:34:42Z INFO HostContext] Well known directory 'Bin': 'C:\Projects\django-git\actions-runner\bin'
[2022-12-11 10:34:42Z INFO HostContext] Well known directory 'Root': 'C:\Projects\django-git\actions-runner'
[2022-12-11 10:34:42Z INFO HostContext] Well known config file 'Runner': 'C:\Projects\django-git\actions-runner\.runner'
[2022-12-11 10:34:42Z INFO ConfigurationStore] ConfigFilePath: C:\Projects\django-git\actions-runner\.runner
[2022-12-11 10:34:42Z INFO HostContext] Well known directory 'Bin': 'C:\Projects\django-git\actions-runner\bin'
[2022-12-11 10:34:42Z INFO HostContext] Well known directory 'Root': 'C:\Projects\django-git\actions-runner'
[2022-12-11 10:34:42Z INFO HostContext] Well known config file 'Credentials': 'C:\Projects\django-git\actions-runner\.credentials'
[2022-12-11 10:34:42Z INFO ConfigurationStore] CredFilePath: C:\Projects\django-git\actions-runner\.credentials
[2022-12-11 10:34:42Z INFO HostContext] Well known directory 'Bin': 'C:\Projects\django-git\actions-runner\bin'
[2022-12-11 10:34:42Z INFO HostContext] Well known directory 'Root': 'C:\Projects\django-git\actions-runner'
[2022-12-11 10:34:42Z INFO HostContext] Well known config file 'MigratedCredentials': 'C:\Projects\django-git\actions-runner\.credentials_migrated'
[2022-12-11 10:34:42Z INFO ConfigurationStore] MigratedCredFilePath: C:\Projects\django-git\actions-runner\.credentials_migrated
[2022-12-11 10:34:42Z INFO HostContext] Well known directory 'Bin': 'C:\Projects\django-git\actions-runner\bin'
[2022-12-11 10:34:42Z INFO HostContext] Well known directory 'Root': 'C:\Projects\django-git\actions-runner'
[2022-12-11 10:34:42Z INFO HostContext] Well known config file 'Service': 'C:\Projects\django-git\actions-runner\.service'
[2022-12-11 10:34:42Z INFO ConfigurationStore] ServiceConfigFilePath: C:\Projects\django-git\actions-runner\.service
[2022-12-11 10:34:42Z INFO CommandSettings] Flag 'help': 'False'
[2022-12-11 10:34:42Z INFO CommandSettings] Flag 'version': 'False'
[2022-12-11 10:34:42Z INFO CommandSettings] Flag 'commit': 'False'
[2022-12-11 10:34:42Z INFO CommandSettings] Flag 'check': 'False'
[2022-12-11 10:34:42Z INFO CommandSettings] Command 'configure': 'True'
[2022-12-11 10:34:42Z INFO Terminal] WRITE LINE: 
[2022-12-11 10:34:42Z INFO Terminal] WRITE LINE: --------------------------------------------------------------------------------
[2022-12-11 10:34:42Z INFO Terminal] WRITE LINE: |        ____ _ _   _   _       _          _        _   _                      |
[2022-12-11 10:34:42Z INFO Terminal] WRITE LINE: |       / ___(_) |_| | | |_   _| |__      / \   ___| |_(_) ___  _ __  ___      |
[2022-12-11 10:34:42Z INFO Terminal] WRITE LINE: |      | |  _| | __| |_| | | | | '_ \    / _ \ / __| __| |/ _ \| '_ \/ __|     |
[2022-12-11 10:34:42Z INFO Terminal] WRITE LINE: |      | |_| | | |_|  _  | |_| | |_) |  / ___ \ (__| |_| | (_) | | | \__ \     |
[2022-12-11 10:34:42Z INFO Terminal] WRITE LINE: |       \____|_|\__|_| |_|\__,_|_.__/  /_/   \_\___|\__|_|\___/|_| |_|___/     |
[2022-12-11 10:34:42Z INFO Terminal] WRITE LINE: |                                                                              |
[2022-12-11 10:34:42Z INFO Terminal] WRITE: |                       
[2022-12-11 10:34:42Z INFO Terminal] WRITE: Self-hosted runner registration
[2022-12-11 10:34:42Z INFO Terminal] WRITE LINE:                         |
[2022-12-11 10:34:42Z INFO Terminal] WRITE LINE: |                                                                              |
[2022-12-11 10:34:42Z INFO Terminal] WRITE LINE: --------------------------------------------------------------------------------
[2022-12-11 10:34:42Z INFO ConfigurationManager] ConfigureAsync
[2022-12-11 10:34:42Z INFO CommandSettings] Flag 'generateServiceConfig': 'False'
[2022-12-11 10:34:42Z INFO ConfigurationStore] IsConfigured()
[2022-12-11 10:34:42Z INFO ConfigurationStore] IsConfigured: False
[2022-12-11 10:34:42Z INFO ConfigurationManager] Is configured: False
[2022-12-11 10:34:42Z INFO CommandSettings] Arg 'url': 'https://github.com/rbashish/rbashish.github.io'
[2022-12-11 10:34:42Z INFO CommandSettings] Remove url from Arg dictionary.
[2022-12-11 10:34:42Z INFO CommandSettings] Arg 'token': '***'
[2022-12-11 10:34:42Z INFO CommandSettings] Remove token from Arg dictionary.
[2022-12-11 10:34:44Z INFO ConfigurationManager] Http response code: OK from 'POST https://api.github.com/actions/runner-registration'
[2022-12-11 10:34:45Z INFO ConfigurationManager] cred retrieved via GitHub auth
[2022-12-11 10:34:45Z INFO RunnerServer] EstablishVssConnection
[2022-12-11 10:34:45Z INFO RunnerServer] Establish connection with 100 seconds timeout.
[2022-12-11 10:34:45Z INFO GitHubActionsService] Starting operation Location.GetConnectionData
[2022-12-11 10:34:45Z INFO RunnerServer] EstablishVssConnection
[2022-12-11 10:34:45Z INFO RunnerServer] Establish connection with 60 seconds timeout.
[2022-12-11 10:34:45Z INFO GitHubActionsService] Starting operation Location.GetConnectionData
[2022-12-11 10:34:45Z INFO RunnerServer] EstablishVssConnection
[2022-12-11 10:34:45Z INFO RunnerServer] Establish connection with 60 seconds timeout.
[2022-12-11 10:34:45Z INFO GitHubActionsService] Starting operation Location.GetConnectionData
[2022-12-11 10:34:46Z INFO GitHubActionsService] Finished operation Location.GetConnectionData
[2022-12-11 10:34:46Z INFO GitHubActionsService] Finished operation Location.GetConnectionData
[2022-12-11 10:34:46Z INFO GitHubActionsService] Finished operation Location.GetConnectionData
[2022-12-11 10:34:46Z INFO Terminal] WRITE LINE: 
[2022-12-11 10:34:46Z INFO ConfigurationManager] Test Connection complete.
[2022-12-11 10:34:46Z INFO HostContext] Well known directory 'Bin': 'C:\Projects\django-git\actions-runner\bin'
[2022-12-11 10:34:46Z INFO HostContext] Well known directory 'Root': 'C:\Projects\django-git\actions-runner'
[2022-12-11 10:34:46Z INFO HostContext] Well known config file 'RSACredentials': 'C:\Projects\django-git\actions-runner\.credentials_rsaparams'
[2022-12-11 10:34:46Z INFO RSAEncryptedFileKeyManager] Creating new RSA key using 2048-bit key length
[2022-12-11 10:34:47Z INFO RSAEncryptedFileKeyManager] Successfully saved RSA key parameters to file C:\Projects\django-git\actions-runner\.credentials_rsaparams
[2022-12-11 10:34:47Z INFO CommandSettings] Arg 'runnergroup': ''
[2022-12-11 10:34:47Z INFO CommandSettings] Flag 'unattended': 'False'
[2022-12-11 10:34:47Z INFO PromptManager] ReadValue
[2022-12-11 10:34:47Z INFO Terminal] WRITE: Enter the name of the runner group to add this runner to: 
[2022-12-11 10:34:47Z INFO Terminal] WRITE: [press Enter for Default] 
[2022-12-11 10:34:47Z INFO Terminal] READ LINE
[2022-12-11 10:34:55Z INFO Terminal] Read value: ''
[2022-12-11 10:34:55Z INFO PromptManager] Falling back to the default: 'Default'
[2022-12-11 10:34:55Z INFO Terminal] WRITE LINE: 
[2022-12-11 10:34:55Z INFO ConfigurationManager] Found a self-hosted runner group with id 1 and name Default
[2022-12-11 10:34:55Z INFO CommandSettings] Flag 'disableupdate': 'False'
[2022-12-11 10:34:55Z INFO CommandSettings] Flag 'ephemeral': 'False'
[2022-12-11 10:34:55Z INFO CommandSettings] Arg 'name': ''
[2022-12-11 10:34:55Z INFO CommandSettings] Flag 'unattended': 'False'
[2022-12-11 10:34:55Z INFO PromptManager] ReadValue
[2022-12-11 10:34:55Z INFO Terminal] WRITE: Enter the name of runner: 
[2022-12-11 10:34:55Z INFO Terminal] WRITE: [press Enter for AZ-GJ8VFER9] 
[2022-12-11 10:34:55Z INFO Terminal] READ LINE
[2022-12-11 10:35:00Z INFO Terminal] Read value: ''
[2022-12-11 10:35:00Z INFO PromptManager] Falling back to the default: 'AZ-GJ8VFER9'
[2022-12-11 10:35:00Z INFO Terminal] WRITE LINE: 
[2022-12-11 10:35:00Z INFO CommandSettings] Arg 'labels': ''
[2022-12-11 10:35:00Z INFO CommandSettings] Flag 'unattended': 'False'
[2022-12-11 10:35:00Z INFO PromptManager] ReadValue
[2022-12-11 10:35:00Z INFO Terminal] WRITE: This runner will have the following labels: 'self-hosted', 'Windows', 'X64' 
Enter any additional labels (ex. label-1,label-2): 
[2022-12-11 10:35:00Z INFO Terminal] WRITE: [press Enter to skip] 
[2022-12-11 10:35:00Z INFO Terminal] READ LINE
[2022-12-11 10:35:11Z INFO Terminal] Read value: ''
[2022-12-11 10:35:11Z INFO Terminal] WRITE LINE: 
[2022-12-11 10:35:12Z INFO CommandSettings] Flag 'disableupdate': 'False'
[2022-12-11 10:35:12Z INFO CommandSettings] Flag 'disableupdate': 'False'
[2022-12-11 10:35:12Z INFO CommandSettings] Flag 'ephemeral': 'False'
[2022-12-11 10:35:12Z INFO ConfigurationStore] Saving OAuth credential @ C:\Projects\django-git\actions-runner\.credentials
[2022-12-11 10:35:12Z INFO ConfigurationStore] Credentials Saved.
[2022-12-11 10:35:12Z INFO ConfigurationStore] HasCredentials()
[2022-12-11 10:35:12Z INFO ConfigurationStore] stored True
[2022-12-11 10:35:12Z INFO CredentialManager] GetCredentialProvider
[2022-12-11 10:35:12Z INFO CredentialManager] Creating type OAuth
[2022-12-11 10:35:12Z INFO CredentialManager] Creating credential type: OAuth
[2022-12-11 10:35:12Z INFO RSAEncryptedFileKeyManager] Loading RSA key parameters from file C:\Projects\django-git\actions-runner\.credentials_rsaparams
[2022-12-11 10:35:12Z INFO RunnerServer] EstablishVssConnection
[2022-12-11 10:35:12Z INFO RunnerServer] Establish connection with 100 seconds timeout.
[2022-12-11 10:35:12Z INFO GitHubActionsService] Starting operation Location.GetConnectionData
[2022-12-11 10:35:12Z INFO RunnerServer] EstablishVssConnection
[2022-12-11 10:35:12Z INFO RunnerServer] Establish connection with 60 seconds timeout.
[2022-12-11 10:35:12Z INFO GitHubActionsService] Starting operation Location.GetConnectionData
[2022-12-11 10:35:12Z INFO RunnerServer] EstablishVssConnection
[2022-12-11 10:35:12Z INFO RunnerServer] Establish connection with 60 seconds timeout.
[2022-12-11 10:35:12Z INFO GitHubActionsService] Starting operation Location.GetConnectionData
[2022-12-11 10:35:13Z INFO GitHubActionsService] Finished operation Location.GetConnectionData
[2022-12-11 10:35:13Z INFO GitHubActionsService] Finished operation Location.GetConnectionData
[2022-12-11 10:35:13Z INFO GitHubActionsService] Finished operation Location.GetConnectionData
[2022-12-11 10:35:14Z INFO RSAEncryptedFileKeyManager] Loading RSA key parameters from file C:\Projects\django-git\actions-runner\.credentials_rsaparams
[2022-12-11 10:35:14Z INFO RSAEncryptedFileKeyManager] Loading RSA key parameters from file C:\Projects\django-git\actions-runner\.credentials_rsaparams
[2022-12-11 10:35:15Z INFO GitHubActionsService] AAD Correlation ID for this token request: Unknown
[2022-12-11 10:35:15Z INFO CommandSettings] Arg 'work': ''
[2022-12-11 10:35:15Z INFO CommandSettings] Flag 'unattended': 'False'
[2022-12-11 10:35:15Z INFO PromptManager] ReadValue
[2022-12-11 10:35:15Z INFO Terminal] WRITE: Enter name of work folder: 
[2022-12-11 10:35:15Z INFO Terminal] WRITE: [press Enter for _work] 
[2022-12-11 10:35:15Z INFO Terminal] READ LINE
[2022-12-11 10:35:59Z INFO Terminal] Read value: ''
[2022-12-11 10:35:59Z INFO PromptManager] Falling back to the default: '_work'
[2022-12-11 10:35:59Z INFO ConfigurationStore] Saving runner settings.
[2022-12-11 10:35:59Z INFO ConfigurationStore] Settings Saved.
[2022-12-11 10:35:59Z INFO Terminal] WRITE LINE: 
[2022-12-11 10:35:59Z INFO Terminal] WRITE LINE: 
[2022-12-11 10:35:59Z INFO CommandSettings] Flag 'runasservice': 'False'
[2022-12-11 10:35:59Z INFO CommandSettings] Flag 'unattended': 'False'
[2022-12-11 10:35:59Z INFO PromptManager] ReadValue
[2022-12-11 10:35:59Z INFO Terminal] WRITE: Would you like to run the runner as service? (Y/N) 
[2022-12-11 10:35:59Z INFO Terminal] WRITE: [press Enter for N] 
[2022-12-11 10:35:59Z INFO Terminal] READ LINE
[2022-12-11 10:36:16Z INFO Terminal] Read value: 'n'
[2022-12-11 10:36:16Z INFO Listener] Runner execution has finished with return code 0
