[2022-12-11 10:48:55Z INFO HostContext] No proxy settings were found based on environmental variables (http_proxy/https_proxy/HTTP_PROXY/HTTPS_PROXY)
[2022-12-11 10:48:55Z INFO HostContext] Well known directory 'Bin': 'C:\Projects\django-git\actions-runner\bin'
[2022-12-11 10:48:55Z INFO HostContext] Well known directory 'Root': 'C:\Projects\django-git\actions-runner'
[2022-12-11 10:48:55Z INFO HostContext] Well known config file 'Credentials': 'C:\Projects\django-git\actions-runner\.credentials'
[2022-12-11 10:48:55Z INFO HostContext] Well known directory 'Bin': 'C:\Projects\django-git\actions-runner\bin'
[2022-12-11 10:48:55Z INFO HostContext] Well known directory 'Root': 'C:\Projects\django-git\actions-runner'
[2022-12-11 10:48:55Z INFO HostContext] Well known config file 'Runner': 'C:\Projects\django-git\actions-runner\.runner'
[2022-12-11 10:48:55Z INFO Listener] Runner is built for Windows (X64) - win-x64.
[2022-12-11 10:48:55Z INFO Listener] RuntimeInformation: Microsoft Windows 10.0.22000.
[2022-12-11 10:48:55Z INFO Listener] Version: 2.299.1
[2022-12-11 10:48:55Z INFO Listener] Commit: 2e44f985bd9bf890dc061e654f6a850c6f1249cf
[2022-12-11 10:48:55Z INFO Listener] Culture: en-IN
[2022-12-11 10:48:55Z INFO Listener] UI Culture: en-US
[2022-12-11 10:48:55Z INFO HostContext] Well known directory 'Bin': 'C:\Projects\django-git\actions-runner\bin'
[2022-12-11 10:48:55Z INFO HostContext] Well known directory 'Root': 'C:\Projects\django-git\actions-runner'
[2022-12-11 10:48:55Z INFO Listener] Validating directory permissions for: 'C:\Projects\django-git\actions-runner'
[2022-12-11 10:48:55Z INFO CommandLineParser] Parse
[2022-12-11 10:48:55Z INFO CommandLineParser] Parsing 1 args
[2022-12-11 10:48:55Z INFO CommandLineParser] parsing argument
[2022-12-11 10:48:55Z INFO CommandLineParser] HasArgs: False
[2022-12-11 10:48:55Z INFO CommandLineParser] Adding Command: remove
[2022-12-11 10:48:55Z INFO Listener] Arguments parsed
[2022-12-11 10:48:55Z INFO Runner] ExecuteCommand
[2022-12-11 10:48:55Z INFO ConfigurationStore] currentAssemblyLocation: C:\Projects\django-git\actions-runner\bin\Runner.Listener.dll
[2022-12-11 10:48:55Z INFO HostContext] Well known directory 'Bin': 'C:\Projects\django-git\actions-runner\bin'
[2022-12-11 10:48:55Z INFO ConfigurationStore] binPath: C:\Projects\django-git\actions-runner\bin
[2022-12-11 10:48:55Z INFO HostContext] Well known directory 'Bin': 'C:\Projects\django-git\actions-runner\bin'
[2022-12-11 10:48:55Z INFO HostContext] Well known directory 'Root': 'C:\Projects\django-git\actions-runner'
[2022-12-11 10:48:55Z INFO ConfigurationStore] RootFolder: C:\Projects\django-git\actions-runner
[2022-12-11 10:48:55Z INFO HostContext] Well known directory 'Bin': 'C:\Projects\django-git\actions-runner\bin'
[2022-12-11 10:48:55Z INFO HostContext] Well known directory 'Root': 'C:\Projects\django-git\actions-runner'
[2022-12-11 10:48:55Z INFO HostContext] Well known config file 'Runner': 'C:\Projects\django-git\actions-runner\.runner'
[2022-12-11 10:48:55Z INFO ConfigurationStore] ConfigFilePath: C:\Projects\django-git\actions-runner\.runner
[2022-12-11 10:48:55Z INFO HostContext] Well known directory 'Bin': 'C:\Projects\django-git\actions-runner\bin'
[2022-12-11 10:48:55Z INFO HostContext] Well known directory 'Root': 'C:\Projects\django-git\actions-runner'
[2022-12-11 10:48:55Z INFO HostContext] Well known config file 'Credentials': 'C:\Projects\django-git\actions-runner\.credentials'
[2022-12-11 10:48:55Z INFO ConfigurationStore] CredFilePath: C:\Projects\django-git\actions-runner\.credentials
[2022-12-11 10:48:55Z INFO HostContext] Well known directory 'Bin': 'C:\Projects\django-git\actions-runner\bin'
[2022-12-11 10:48:55Z INFO HostContext] Well known directory 'Root': 'C:\Projects\django-git\actions-runner'
[2022-12-11 10:48:55Z INFO HostContext] Well known config file 'MigratedCredentials': 'C:\Projects\django-git\actions-runner\.credentials_migrated'
[2022-12-11 10:48:55Z INFO ConfigurationStore] MigratedCredFilePath: C:\Projects\django-git\actions-runner\.credentials_migrated
[2022-12-11 10:48:55Z INFO HostContext] Well known directory 'Bin': 'C:\Projects\django-git\actions-runner\bin'
[2022-12-11 10:48:55Z INFO HostContext] Well known directory 'Root': 'C:\Projects\django-git\actions-runner'
[2022-12-11 10:48:55Z INFO HostContext] Well known config file 'Service': 'C:\Projects\django-git\actions-runner\.service'
[2022-12-11 10:48:55Z INFO ConfigurationStore] ServiceConfigFilePath: C:\Projects\django-git\actions-runner\.service
[2022-12-11 10:48:55Z INFO CommandSettings] Flag 'help': 'False'
[2022-12-11 10:48:55Z INFO CommandSettings] Flag 'version': 'False'
[2022-12-11 10:48:55Z INFO CommandSettings] Flag 'commit': 'False'
[2022-12-11 10:48:55Z INFO CommandSettings] Flag 'check': 'False'
[2022-12-11 10:48:55Z INFO CommandSettings] Command 'configure': 'False'
[2022-12-11 10:48:55Z INFO CommandSettings] Command 'remove': 'True'
[2022-12-11 10:48:55Z INFO ConfigurationStore] IsServiceConfigured()
[2022-12-11 10:48:55Z INFO ConfigurationStore] IsServiceConfigured: False
[2022-12-11 10:48:55Z INFO ConfigurationStore] IsConfigured()
[2022-12-11 10:48:55Z INFO ConfigurationStore] IsConfigured: True
[2022-12-11 10:48:55Z INFO ConfigurationStore] HasCredentials()
[2022-12-11 10:48:55Z INFO ConfigurationStore] stored True
[2022-12-11 10:48:55Z INFO ConfigurationStore] Read setting file: 304 chars
[2022-12-11 10:48:55Z INFO CommandSettings] Arg 'token': ''
[2022-12-11 10:48:55Z INFO CommandSettings] Flag 'unattended': 'False'
[2022-12-11 10:48:55Z INFO PromptManager] ReadValue
[2022-12-11 10:48:55Z INFO Terminal] WRITE: Enter runner remove token: 
[2022-12-11 10:48:55Z INFO Terminal] READ SECRET
[2022-12-11 10:49:09Z INFO Terminal] Read value: '***'
[2022-12-11 10:49:11Z INFO ConfigurationManager] Http response code: OK from 'POST https://api.github.com/actions/runner-registration'
[2022-12-11 10:49:11Z INFO ConfigurationManager] cred retrieved via GitHub auth
[2022-12-11 10:49:11Z INFO RunnerServer] EstablishVssConnection
[2022-12-11 10:49:11Z INFO RunnerServer] Establish connection with 100 seconds timeout.
[2022-12-11 10:49:11Z INFO GitHubActionsService] Starting operation Location.GetConnectionData
[2022-12-11 10:49:11Z INFO RunnerServer] EstablishVssConnection
[2022-12-11 10:49:11Z INFO RunnerServer] Establish connection with 60 seconds timeout.
[2022-12-11 10:49:11Z INFO GitHubActionsService] Starting operation Location.GetConnectionData
[2022-12-11 10:49:11Z INFO RunnerServer] EstablishVssConnection
[2022-12-11 10:49:11Z INFO RunnerServer] Establish connection with 60 seconds timeout.
[2022-12-11 10:49:11Z INFO GitHubActionsService] Starting operation Location.GetConnectionData
[2022-12-11 10:49:11Z INFO GitHubActionsService] Finished operation Location.GetConnectionData
[2022-12-11 10:49:12Z INFO GitHubActionsService] Finished operation Location.GetConnectionData
[2022-12-11 10:49:12Z INFO GitHubActionsService] Finished operation Location.GetConnectionData
[2022-12-11 10:49:13Z INFO Terminal] WRITE LINE: 
[2022-12-11 10:49:13Z INFO ConfigurationStore] IsConfigured()
[2022-12-11 10:49:13Z INFO ConfigurationStore] IsConfigured: True
[2022-12-11 10:49:13Z INFO ConfigurationStore] HasCredentials()
[2022-12-11 10:49:13Z INFO ConfigurationStore] stored True
[2022-12-11 10:49:13Z INFO HostContext] Well known directory 'Bin': 'C:\Projects\django-git\actions-runner\bin'
[2022-12-11 10:49:13Z INFO HostContext] Well known directory 'Root': 'C:\Projects\django-git\actions-runner'
[2022-12-11 10:49:13Z INFO HostContext] Well known config file 'RSACredentials': 'C:\Projects\django-git\actions-runner\.credentials_rsaparams'
[2022-12-11 10:49:13Z INFO RSAEncryptedFileKeyManager] Deleting RSA key parameters file C:\Projects\django-git\actions-runner\.credentials_rsaparams
[2022-12-11 10:49:13Z INFO Terminal] WRITE LINE: 
[2022-12-11 10:49:13Z INFO Listener] Runner execution has finished with return code 0
