[2022-12-11 10:49:49Z INFO HostContext] No proxy settings were found based on environmental variables (http_proxy/https_proxy/HTTP_PROXY/HTTPS_PROXY)
[2022-12-11 10:49:49Z INFO HostContext] Well known directory 'Bin': 'C:\Projects\django-git\actions-runner\bin'
[2022-12-11 10:49:49Z INFO HostContext] Well known directory 'Root': 'C:\Projects\django-git\actions-runner'
[2022-12-11 10:49:49Z INFO HostContext] Well known config file 'Credentials': 'C:\Projects\django-git\actions-runner\.credentials'
[2022-12-11 10:49:49Z INFO HostContext] Well known directory 'Bin': 'C:\Projects\django-git\actions-runner\bin'
[2022-12-11 10:49:49Z INFO HostContext] Well known directory 'Root': 'C:\Projects\django-git\actions-runner'
[2022-12-11 10:49:49Z INFO HostContext] Well known config file 'Runner': 'C:\Projects\django-git\actions-runner\.runner'
[2022-12-11 10:49:49Z INFO Listener] Runner is built for Windows (X64) - win-x64.
[2022-12-11 10:49:49Z INFO Listener] RuntimeInformation: Microsoft Windows 10.0.22000.
[2022-12-11 10:49:49Z INFO Listener] Version: 2.299.1
[2022-12-11 10:49:49Z INFO Listener] Commit: 2e44f985bd9bf890dc061e654f6a850c6f1249cf
[2022-12-11 10:49:49Z INFO Listener] Culture: en-IN
[2022-12-11 10:49:49Z INFO Listener] UI Culture: en-US
[2022-12-11 10:49:49Z INFO HostContext] Well known directory 'Bin': 'C:\Projects\django-git\actions-runner\bin'
[2022-12-11 10:49:49Z INFO HostContext] Well known directory 'Root': 'C:\Projects\django-git\actions-runner'
[2022-12-11 10:49:49Z INFO Listener] Validating directory permissions for: 'C:\Projects\django-git\actions-runner'
[2022-12-11 10:49:49Z INFO CommandLineParser] Parse
[2022-12-11 10:49:49Z INFO CommandLineParser] Parsing 5 args
[2022-12-11 10:49:49Z INFO CommandLineParser] parsing argument
[2022-12-11 10:49:49Z INFO CommandLineParser] HasArgs: False
[2022-12-11 10:49:49Z INFO CommandLineParser] Adding Command: configure
[2022-12-11 10:49:49Z INFO CommandLineParser] parsing argument
[2022-12-11 10:49:49Z INFO CommandLineParser] HasArgs: True
[2022-12-11 10:49:49Z INFO CommandLineParser] arg: url
[2022-12-11 10:49:49Z INFO CommandLineParser] parsing argument
[2022-12-11 10:49:49Z INFO CommandLineParser] HasArgs: True
[2022-12-11 10:49:49Z INFO CommandLineParser] Adding option 'url': 'https://github.com/rbashish/rbashish.github.io'
[2022-12-11 10:49:49Z INFO CommandLineParser] parsing argument
[2022-12-11 10:49:49Z INFO CommandLineParser] HasArgs: True
[2022-12-11 10:49:49Z INFO CommandLineParser] arg: token
[2022-12-11 10:49:49Z INFO CommandLineParser] parsing argument
[2022-12-11 10:49:49Z INFO CommandLineParser] HasArgs: True
[2022-12-11 10:49:49Z INFO CommandLineParser] Adding option 'token': '***'
[2022-12-11 10:49:49Z INFO Listener] Arguments parsed
[2022-12-11 10:49:49Z INFO Runner] ExecuteCommand
[2022-12-11 10:49:49Z INFO ConfigurationStore] currentAssemblyLocation: C:\Projects\django-git\actions-runner\bin\Runner.Listener.dll
[2022-12-11 10:49:49Z INFO HostContext] Well known directory 'Bin': 'C:\Projects\django-git\actions-runner\bin'
[2022-12-11 10:49:49Z INFO ConfigurationStore] binPath: C:\Projects\django-git\actions-runner\bin
[2022-12-11 10:49:49Z INFO HostContext] Well known directory 'Bin': 'C:\Projects\django-git\actions-runner\bin'
[2022-12-11 10:49:49Z INFO HostContext] Well known directory 'Root': 'C:\Projects\django-git\actions-runner'
[2022-12-11 10:49:49Z INFO ConfigurationStore] RootFolder: C:\Projects\django-git\actions-runner
[2022-12-11 10:49:49Z INFO HostContext] Well known directory 'Bin': 'C:\Projects\django-git\actions-runner\bin'
[2022-12-11 10:49:49Z INFO HostContext] Well known directory 'Root': 'C:\Projects\django-git\actions-runner'
[2022-12-11 10:49:49Z INFO HostContext] Well known config file 'Runner': 'C:\Projects\django-git\actions-runner\.runner'
[2022-12-11 10:49:49Z INFO ConfigurationStore] ConfigFilePath: C:\Projects\django-git\actions-runner\.runner
[2022-12-11 10:49:49Z INFO HostContext] Well known directory 'Bin': 'C:\Projects\django-git\actions-runner\bin'
[2022-12-11 10:49:49Z INFO HostContext] Well known directory 'Root': 'C:\Projects\django-git\actions-runner'
[2022-12-11 10:49:49Z INFO HostContext] Well known config file 'Credentials': 'C:\Projects\django-git\actions-runner\.credentials'
[2022-12-11 10:49:49Z INFO ConfigurationStore] CredFilePath: C:\Projects\django-git\actions-runner\.credentials
[2022-12-11 10:49:49Z INFO HostContext] Well known directory 'Bin': 'C:\Projects\django-git\actions-runner\bin'
[2022-12-11 10:49:49Z INFO HostContext] Well known directory 'Root': 'C:\Projects\django-git\actions-runner'
[2022-12-11 10:49:49Z INFO HostContext] Well known config file 'MigratedCredentials': 'C:\Projects\django-git\actions-runner\.credentials_migrated'
[2022-12-11 10:49:49Z INFO ConfigurationStore] MigratedCredFilePath: C:\Projects\django-git\actions-runner\.credentials_migrated
[2022-12-11 10:49:49Z INFO HostContext] Well known directory 'Bin': 'C:\Projects\django-git\actions-runner\bin'
[2022-12-11 10:49:49Z INFO HostContext] Well known directory 'Root': 'C:\Projects\django-git\actions-runner'
[2022-12-11 10:49:49Z INFO HostContext] Well known config file 'Service': 'C:\Projects\django-git\actions-runner\.service'
[2022-12-11 10:49:49Z INFO ConfigurationStore] ServiceConfigFilePath: C:\Projects\django-git\actions-runner\.service
[2022-12-11 10:49:49Z INFO CommandSettings] Flag 'help': 'False'
[2022-12-11 10:49:49Z INFO CommandSettings] Flag 'version': 'False'
[2022-12-11 10:49:49Z INFO CommandSettings] Flag 'commit': 'False'
[2022-12-11 10:49:49Z INFO CommandSettings] Flag 'check': 'False'
[2022-12-11 10:49:49Z INFO CommandSettings] Command 'configure': 'True'
[2022-12-11 10:49:49Z INFO Terminal] WRITE LINE: 
[2022-12-11 10:49:49Z INFO Terminal] WRITE LINE: --------------------------------------------------------------------------------
[2022-12-11 10:49:49Z INFO Terminal] WRITE LINE: |        ____ _ _   _   _       _          _        _   _                      |
[2022-12-11 10:49:49Z INFO Terminal] WRITE LINE: |       / ___(_) |_| | | |_   _| |__      / \   ___| |_(_) ___  _ __  ___      |
[2022-12-11 10:49:49Z INFO Terminal] WRITE LINE: |      | |  _| | __| |_| | | | | '_ \    / _ \ / __| __| |/ _ \| '_ \/ __|     |
[2022-12-11 10:49:49Z INFO Terminal] WRITE LINE: |      | |_| | | |_|  _  | |_| | |_) |  / ___ \ (__| |_| | (_) | | | \__ \     |
[2022-12-11 10:49:49Z INFO Terminal] WRITE LINE: |       \____|_|\__|_| |_|\__,_|_.__/  /_/   \_\___|\__|_|\___/|_| |_|___/     |
[2022-12-11 10:49:49Z INFO Terminal] WRITE LINE: |                                                                              |
[2022-12-11 10:49:49Z INFO Terminal] WRITE: |                       
[2022-12-11 10:49:49Z INFO Terminal] WRITE: Self-hosted runner registration
[2022-12-11 10:49:49Z INFO Terminal] WRITE LINE:                         |
[2022-12-11 10:49:49Z INFO Terminal] WRITE LINE: |                                                                              |
[2022-12-11 10:49:49Z INFO Terminal] WRITE LINE: --------------------------------------------------------------------------------
[2022-12-11 10:49:49Z INFO ConfigurationManager] ConfigureAsync
[2022-12-11 10:49:49Z INFO CommandSettings] Flag 'generateServiceConfig': 'False'
[2022-12-11 10:49:49Z INFO ConfigurationStore] IsConfigured()
[2022-12-11 10:49:49Z INFO ConfigurationStore] IsConfigured: False
[2022-12-11 10:49:49Z INFO ConfigurationManager] Is configured: False
[2022-12-11 10:49:49Z INFO CommandSettings] Arg 'url': 'https://github.com/rbashish/rbashish.github.io'
[2022-12-11 10:49:49Z INFO CommandSettings] Remove url from Arg dictionary.
[2022-12-11 10:49:49Z INFO CommandSettings] Arg 'token': '***'
[2022-12-11 10:49:49Z INFO CommandSettings] Remove token from Arg dictionary.
[2022-12-11 10:49:50Z INFO ConfigurationManager] Http response code: OK from 'POST https://api.github.com/actions/runner-registration'
[2022-12-11 10:49:50Z INFO ConfigurationManager] cred retrieved via GitHub auth
[2022-12-11 10:49:50Z INFO RunnerServer] EstablishVssConnection
[2022-12-11 10:49:50Z INFO RunnerServer] Establish connection with 100 seconds timeout.
[2022-12-11 10:49:50Z INFO GitHubActionsService] Starting operation Location.GetConnectionData
[2022-12-11 10:49:50Z INFO RunnerServer] EstablishVssConnection
[2022-12-11 10:49:50Z INFO RunnerServer] Establish connection with 60 seconds timeout.
[2022-12-11 10:49:50Z INFO GitHubActionsService] Starting operation Location.GetConnectionData
[2022-12-11 10:49:50Z INFO RunnerServer] EstablishVssConnection
[2022-12-11 10:49:50Z INFO RunnerServer] Establish connection with 60 seconds timeout.
[2022-12-11 10:49:50Z INFO GitHubActionsService] Starting operation Location.GetConnectionData
[2022-12-11 10:49:50Z INFO GitHubActionsService] Finished operation Location.GetConnectionData
[2022-12-11 10:49:51Z INFO GitHubActionsService] Finished operation Location.GetConnectionData
[2022-12-11 10:49:51Z INFO GitHubActionsService] Finished operation Location.GetConnectionData
[2022-12-11 10:49:51Z INFO Terminal] WRITE LINE: 
[2022-12-11 10:49:51Z INFO ConfigurationManager] Test Connection complete.
[2022-12-11 10:49:51Z INFO HostContext] Well known directory 'Bin': 'C:\Projects\django-git\actions-runner\bin'
[2022-12-11 10:49:51Z INFO HostContext] Well known directory 'Root': 'C:\Projects\django-git\actions-runner'
[2022-12-11 10:49:51Z INFO HostContext] Well known config file 'RSACredentials': 'C:\Projects\django-git\actions-runner\.credentials_rsaparams'
[2022-12-11 10:49:51Z INFO RSAEncryptedFileKeyManager] Found existing RSA key parameters file C:\Projects\django-git\actions-runner\.credentials_rsaparams
[2022-12-11 10:49:52Z INFO CommandSettings] Arg 'runnergroup': ''
[2022-12-11 10:49:52Z INFO CommandSettings] Flag 'unattended': 'False'
[2022-12-11 10:49:52Z INFO PromptManager] ReadValue
[2022-12-11 10:49:52Z INFO Terminal] WRITE: Enter the name of the runner group to add this runner to: 
[2022-12-11 10:49:52Z INFO Terminal] WRITE: [press Enter for Default] 
[2022-12-11 10:49:52Z INFO Terminal] READ LINE
[2022-12-11 10:49:52Z INFO Terminal] Read value: ''
[2022-12-11 10:49:52Z INFO PromptManager] Falling back to the default: 'Default'
[2022-12-11 10:49:52Z INFO Terminal] WRITE LINE: 
[2022-12-11 10:49:52Z INFO ConfigurationManager] Found a self-hosted runner group with id 1 and name Default
[2022-12-11 10:49:52Z INFO CommandSettings] Flag 'disableupdate': 'False'
[2022-12-11 10:49:52Z INFO CommandSettings] Flag 'ephemeral': 'False'
[2022-12-11 10:49:52Z INFO CommandSettings] Arg 'name': ''
[2022-12-11 10:49:52Z INFO CommandSettings] Flag 'unattended': 'False'
[2022-12-11 10:49:52Z INFO PromptManager] ReadValue
[2022-12-11 10:49:52Z INFO Terminal] WRITE: Enter the name of runner: 
[2022-12-11 10:49:52Z INFO Terminal] WRITE: [press Enter for AZ-GJ8VFER9] 
[2022-12-11 10:49:52Z INFO Terminal] READ LINE
[2022-12-11 10:49:55Z INFO Terminal] Read value: ''
[2022-12-11 10:49:55Z INFO PromptManager] Falling back to the default: 'AZ-GJ8VFER9'
[2022-12-11 10:49:55Z INFO Terminal] WRITE LINE: 
[2022-12-11 10:49:55Z INFO CommandSettings] Arg 'labels': ''
[2022-12-11 10:49:55Z INFO CommandSettings] Flag 'unattended': 'False'
[2022-12-11 10:49:55Z INFO PromptManager] ReadValue
[2022-12-11 10:49:55Z INFO Terminal] WRITE: This runner will have the following labels: 'self-hosted', 'Windows', 'X64' 
Enter any additional labels (ex. label-1,label-2): 
[2022-12-11 10:49:55Z INFO Terminal] WRITE: [press Enter to skip] 
[2022-12-11 10:49:55Z INFO Terminal] READ LINE
[2022-12-11 10:49:59Z INFO Terminal] Read value: ''
[2022-12-11 10:49:59Z INFO Terminal] WRITE LINE: 
[2022-12-11 10:49:59Z INFO CommandSettings] Flag 'disableupdate': 'False'
[2022-12-11 10:50:00Z INFO CommandSettings] Flag 'disableupdate': 'False'
[2022-12-11 10:50:00Z INFO CommandSettings] Flag 'ephemeral': 'False'
[2022-12-11 10:50:00Z INFO ConfigurationStore] Saving OAuth credential @ C:\Projects\django-git\actions-runner\.credentials
[2022-12-11 10:50:00Z INFO ConfigurationStore] Credentials Saved.
[2022-12-11 10:50:00Z INFO ConfigurationStore] HasCredentials()
[2022-12-11 10:50:00Z INFO ConfigurationStore] stored True
[2022-12-11 10:50:00Z INFO CredentialManager] GetCredentialProvider
[2022-12-11 10:50:00Z INFO CredentialManager] Creating type OAuth
[2022-12-11 10:50:00Z INFO CredentialManager] Creating credential type: OAuth
[2022-12-11 10:50:00Z INFO RSAEncryptedFileKeyManager] Loading RSA key parameters from file C:\Projects\django-git\actions-runner\.credentials_rsaparams
[2022-12-11 10:50:00Z INFO RunnerServer] EstablishVssConnection
[2022-12-11 10:50:00Z INFO RunnerServer] Establish connection with 100 seconds timeout.
[2022-12-11 10:50:00Z INFO GitHubActionsService] Starting operation Location.GetConnectionData
[2022-12-11 10:50:00Z INFO RunnerServer] EstablishVssConnection
[2022-12-11 10:50:00Z INFO RunnerServer] Establish connection with 60 seconds timeout.
[2022-12-11 10:50:00Z INFO GitHubActionsService] Starting operation Location.GetConnectionData
[2022-12-11 10:50:00Z INFO RunnerServer] EstablishVssConnection
[2022-12-11 10:50:00Z INFO RunnerServer] Establish connection with 60 seconds timeout.
[2022-12-11 10:50:00Z INFO GitHubActionsService] Starting operation Location.GetConnectionData
[2022-12-11 10:50:00Z INFO GitHubActionsService] Finished operation Location.GetConnectionData
[2022-12-11 10:50:01Z INFO GitHubActionsService] Finished operation Location.GetConnectionData
[2022-12-11 10:50:01Z INFO GitHubActionsService] Finished operation Location.GetConnectionData
[2022-12-11 10:50:01Z INFO RSAEncryptedFileKeyManager] Loading RSA key parameters from file C:\Projects\django-git\actions-runner\.credentials_rsaparams
[2022-12-11 10:50:01Z INFO RSAEncryptedFileKeyManager] Loading RSA key parameters from file C:\Projects\django-git\actions-runner\.credentials_rsaparams
[2022-12-11 10:50:02Z INFO GitHubActionsService] AAD Correlation ID for this token request: Unknown
[2022-12-11 10:50:03Z INFO CommandSettings] Arg 'work': ''
[2022-12-11 10:50:03Z INFO CommandSettings] Flag 'unattended': 'False'
[2022-12-11 10:50:03Z INFO PromptManager] ReadValue
[2022-12-11 10:50:03Z INFO Terminal] WRITE: Enter name of work folder: 
[2022-12-11 10:50:03Z INFO Terminal] WRITE: [press Enter for _work] 
[2022-12-11 10:50:03Z INFO Terminal] READ LINE
[2022-12-11 10:50:05Z INFO Terminal] Read value: ''
[2022-12-11 10:50:05Z INFO PromptManager] Falling back to the default: '_work'
[2022-12-11 10:50:05Z INFO ConfigurationStore] Saving runner settings.
[2022-12-11 10:50:05Z INFO ConfigurationStore] Settings Saved.
[2022-12-11 10:50:05Z INFO Terminal] WRITE LINE: 
[2022-12-11 10:50:05Z INFO Terminal] WRITE LINE: 
[2022-12-11 10:50:05Z INFO CommandSettings] Flag 'runasservice': 'False'
[2022-12-11 10:50:05Z INFO CommandSettings] Flag 'unattended': 'False'
[2022-12-11 10:50:05Z INFO PromptManager] ReadValue
[2022-12-11 10:50:05Z INFO Terminal] WRITE: Would you like to run the runner as service? (Y/N) 
[2022-12-11 10:50:05Z INFO Terminal] WRITE: [press Enter for N] 
[2022-12-11 10:50:05Z INFO Terminal] READ LINE
[2022-12-11 10:50:08Z INFO Terminal] Read value: 'y'
[2022-12-11 10:50:08Z INFO ConfigurationManager] Configuring to run the agent as service
[2022-12-11 10:50:08Z INFO CommandSettings] Arg 'windowslogonaccount': ''
[2022-12-11 10:50:08Z INFO CommandSettings] Flag 'unattended': 'False'
[2022-12-11 10:50:08Z INFO PromptManager] ReadValue
[2022-12-11 10:50:08Z INFO Terminal] WRITE: User account to use for the service 
[2022-12-11 10:50:08Z INFO Terminal] WRITE: [press Enter for NT AUTHORITY\NETWORK SERVICE] 
[2022-12-11 10:50:08Z INFO Terminal] READ LINE
[2022-12-11 10:50:15Z INFO Terminal] Read value: ''
[2022-12-11 10:50:15Z INFO PromptManager] Falling back to the default: 'NT AUTHORITY\NETWORK SERVICE'
[2022-12-11 10:50:15Z INFO WindowsServiceControlManager] LogonAccount after transforming: NT AUTHORITY\NETWORK SERVICE, user: NETWORK SERVICE, domain: NT AUTHORITY
[2022-12-11 10:50:15Z INFO WindowsServiceControlManager] Service name 'actions.runner.rbashish-rbashish.github.io.AZ-GJ8VFER9' display name 'GitHub Actions Runner (rbashish-rbashish.github.io.AZ-GJ8VFER9)' will be used for service configuration.
[2022-12-11 10:50:15Z INFO WindowsServiceControlManager] Verifying if the account has LogonAsService permission
[2022-12-11 10:50:15Z INFO NativeWindowsServiceHelper] Successfully grant logon as service privilege to account 'NETWORK SERVICE'
[2022-12-11 10:50:15Z INFO WindowsServiceControlManager] Create local group and grant folder permission to service logon account.
[2022-12-11 10:50:15Z INFO HostContext] Well known directory 'Bin': 'C:\Projects\django-git\actions-runner\bin'
[2022-12-11 10:50:15Z INFO HostContext] Well known directory 'Root': 'C:\Projects\django-git\actions-runner'
[2022-12-11 10:50:15Z INFO ConfigurationStore] Read setting file: 304 chars
[2022-12-11 10:50:15Z INFO HostContext] Well known directory 'Bin': 'C:\Projects\django-git\actions-runner\bin'
[2022-12-11 10:50:15Z INFO HostContext] Well known directory 'Root': 'C:\Projects\django-git\actions-runner'
[2022-12-11 10:50:15Z INFO HostContext] Well known directory 'Work': 'C:\Projects\django-git\actions-runner\_work'
[2022-12-11 10:50:15Z INFO HostContext] Well known directory 'Bin': 'C:\Projects\django-git\actions-runner\bin'
[2022-12-11 10:50:15Z INFO NativeWindowsServiceHelper] Calculated unique group name GITHUB_ActionsRunner_G04293
[2022-12-11 10:50:15Z INFO NativeWindowsServiceHelper] Trying to create group GITHUB_ActionsRunner_G04293
[2022-12-11 10:50:15Z INFO NativeWindowsServiceHelper] Local Group 'GITHUB_ActionsRunner_G04293' created
[2022-12-11 10:50:15Z INFO NativeWindowsServiceHelper] Trying to add userName NT AUTHORITY\NETWORK SERVICE to the group GITHUB_ActionsRunner_G04293
[2022-12-11 10:50:15Z INFO NativeWindowsServiceHelper] Account 'NT AUTHORITY\NETWORK SERVICE' is added to local group 'GITHUB_ActionsRunner_G04293'.
[2022-12-11 10:50:15Z INFO NativeWindowsServiceHelper] Set full access control to group for the folder C:\Projects\django-git\actions-runner
[2022-12-11 10:50:15Z INFO NativeWindowsServiceHelper] Set full access control to group for the folder C:\Projects\django-git\actions-runner\_work
[2022-12-11 10:50:15Z INFO NativeWindowsServiceHelper] Local group 'GITHUB_ActionsRunner_G04293' already has full control to path 'C:\Projects\django-git\actions-runner\_work'.
[2022-12-11 10:50:15Z INFO Terminal] WRITE LINE: Granting file permissions to 'NT AUTHORITY\NETWORK SERVICE'.
[2022-12-11 10:50:15Z INFO HostContext] Well known directory 'Bin': 'C:\Projects\django-git\actions-runner\bin'
[2022-12-11 10:50:15Z INFO ProcessInvokerWrapper] Starting process:
[2022-12-11 10:50:15Z INFO ProcessInvokerWrapper]   File name: '"C:\Projects\django-git\actions-runner\bin\RunnerService.exe"'
[2022-12-11 10:50:15Z INFO ProcessInvokerWrapper]   Arguments: 'init'
[2022-12-11 10:50:15Z INFO ProcessInvokerWrapper]   Working directory: ''
[2022-12-11 10:50:15Z INFO ProcessInvokerWrapper]   Require exit code zero: 'True'
[2022-12-11 10:50:15Z INFO ProcessInvokerWrapper]   Encoding web name:  ; code page: ''
[2022-12-11 10:50:15Z INFO ProcessInvokerWrapper]   Force kill process on cancellation: 'False'
[2022-12-11 10:50:15Z INFO ProcessInvokerWrapper]   Redirected STDIN: 'False'
[2022-12-11 10:50:15Z INFO ProcessInvokerWrapper]   Persist current code page: 'False'
[2022-12-11 10:50:15Z INFO ProcessInvokerWrapper]   Keep redirected STDIN open: 'False'
[2022-12-11 10:50:15Z INFO ProcessInvokerWrapper]   High priority process: 'False'
[2022-12-11 10:50:15Z INFO ProcessInvokerWrapper] Process started with process id 7100, waiting for process exit.
[2022-12-11 10:50:15Z INFO ProcessInvokerWrapper] STDOUT/STDERR stream read finished.
[2022-12-11 10:50:15Z INFO ProcessInvokerWrapper] STDOUT/STDERR stream read finished.
[2022-12-11 10:50:15Z INFO ProcessInvokerWrapper] Finished process 7100 with exit code 0, and elapsed time 00:00:00.1618783.
[2022-12-11 10:50:15Z INFO Terminal] WRITE LINE: Service actions.runner.rbashish-rbashish.github.io.AZ-GJ8VFER9 successfully installed
[2022-12-11 10:50:15Z INFO Terminal] WRITE LINE: Service actions.runner.rbashish-rbashish.github.io.AZ-GJ8VFER9 successfully set recovery option
[2022-12-11 10:50:15Z INFO Terminal] WRITE LINE: Service actions.runner.rbashish-rbashish.github.io.AZ-GJ8VFER9 successfully set to delayed auto start
[2022-12-11 10:50:15Z INFO Terminal] WRITE LINE: Service actions.runner.rbashish-rbashish.github.io.AZ-GJ8VFER9 successfully configured
[2022-12-11 10:50:15Z INFO HostContext] Well known directory 'Bin': 'C:\Projects\django-git\actions-runner\bin'
[2022-12-11 10:50:15Z INFO HostContext] Well known directory 'Root': 'C:\Projects\django-git\actions-runner'
[2022-12-11 10:50:15Z INFO HostContext] Well known config file 'Service': 'C:\Projects\django-git\actions-runner\.service'
[2022-12-11 10:50:15Z INFO WindowsServiceControlManager] Configuration was successful, trying to start the service
[2022-12-11 10:50:18Z INFO Terminal] WRITE LINE: Waiting for service to start...
[2022-12-11 10:50:18Z INFO Terminal] WRITE LINE: Service actions.runner.rbashish-rbashish.github.io.AZ-GJ8VFER9 started successfully
[2022-12-11 10:50:18Z INFO Listener] Runner execution has finished with return code 0
