[2022-12-11 10:50:18Z INFO HostContext] No proxy settings were found based on environmental variables (http_proxy/https_proxy/HTTP_PROXY/HTTPS_PROXY)
[2022-12-11 10:50:18Z INFO HostContext] Well known directory 'Bin': 'C:\Projects\django-git\actions-runner\bin'
[2022-12-11 10:50:18Z INFO HostContext] Well known directory 'Root': 'C:\Projects\django-git\actions-runner'
[2022-12-11 10:50:18Z INFO HostContext] Well known config file 'Credentials': 'C:\Projects\django-git\actions-runner\.credentials'
[2022-12-11 10:50:18Z INFO HostContext] Well known directory 'Bin': 'C:\Projects\django-git\actions-runner\bin'
[2022-12-11 10:50:18Z INFO HostContext] Well known directory 'Root': 'C:\Projects\django-git\actions-runner'
[2022-12-11 10:50:18Z INFO HostContext] Well known config file 'Runner': 'C:\Projects\django-git\actions-runner\.runner'
[2022-12-11 10:50:18Z INFO Listener] Runner is built for Windows (X64) - win-x64.
[2022-12-11 10:50:18Z INFO Listener] RuntimeInformation: Microsoft Windows 10.0.22000.
[2022-12-11 10:50:18Z INFO Listener] Version: 2.299.1
[2022-12-11 10:50:18Z INFO Listener] Commit: 2e44f985bd9bf890dc061e654f6a850c6f1249cf
[2022-12-11 10:50:18Z INFO Listener] Culture: en-IN
[2022-12-11 10:50:18Z INFO Listener] UI Culture: en-US
[2022-12-11 10:50:18Z INFO HostContext] Well known directory 'Bin': 'C:\Projects\django-git\actions-runner\bin'
[2022-12-11 10:50:18Z INFO HostContext] Well known directory 'Root': 'C:\Projects\django-git\actions-runner'
[2022-12-11 10:50:18Z INFO Listener] Validating directory permissions for: 'C:\Projects\django-git\actions-runner'
[2022-12-11 10:50:18Z INFO CommandLineParser] Parse
[2022-12-11 10:50:18Z INFO CommandLineParser] Parsing 3 args
[2022-12-11 10:50:18Z INFO CommandLineParser] parsing argument
[2022-12-11 10:50:18Z INFO CommandLineParser] HasArgs: False
[2022-12-11 10:50:18Z INFO CommandLineParser] Adding Command: run
[2022-12-11 10:50:18Z INFO CommandLineParser] parsing argument
[2022-12-11 10:50:18Z INFO CommandLineParser] HasArgs: True
[2022-12-11 10:50:18Z INFO CommandLineParser] arg: startuptype
[2022-12-11 10:50:18Z INFO CommandLineParser] parsing argument
[2022-12-11 10:50:18Z INFO CommandLineParser] HasArgs: True
[2022-12-11 10:50:18Z INFO CommandLineParser] Adding option 'startuptype': 'service'
[2022-12-11 10:50:18Z INFO Listener] Arguments parsed
[2022-12-11 10:50:18Z INFO Runner] ExecuteCommand
[2022-12-11 10:50:18Z INFO ConfigurationStore] currentAssemblyLocation: C:\Projects\django-git\actions-runner\bin\Runner.Listener.dll
[2022-12-11 10:50:18Z INFO HostContext] Well known directory 'Bin': 'C:\Projects\django-git\actions-runner\bin'
[2022-12-11 10:50:18Z INFO ConfigurationStore] binPath: C:\Projects\django-git\actions-runner\bin
[2022-12-11 10:50:18Z INFO HostContext] Well known directory 'Bin': 'C:\Projects\django-git\actions-runner\bin'
[2022-12-11 10:50:18Z INFO HostContext] Well known directory 'Root': 'C:\Projects\django-git\actions-runner'
[2022-12-11 10:50:18Z INFO ConfigurationStore] RootFolder: C:\Projects\django-git\actions-runner
[2022-12-11 10:50:18Z INFO HostContext] Well known directory 'Bin': 'C:\Projects\django-git\actions-runner\bin'
[2022-12-11 10:50:18Z INFO HostContext] Well known directory 'Root': 'C:\Projects\django-git\actions-runner'
[2022-12-11 10:50:18Z INFO HostContext] Well known config file 'Runner': 'C:\Projects\django-git\actions-runner\.runner'
[2022-12-11 10:50:18Z INFO ConfigurationStore] ConfigFilePath: C:\Projects\django-git\actions-runner\.runner
[2022-12-11 10:50:18Z INFO HostContext] Well known directory 'Bin': 'C:\Projects\django-git\actions-runner\bin'
[2022-12-11 10:50:18Z INFO HostContext] Well known directory 'Root': 'C:\Projects\django-git\actions-runner'
[2022-12-11 10:50:18Z INFO HostContext] Well known config file 'Credentials': 'C:\Projects\django-git\actions-runner\.credentials'
[2022-12-11 10:50:18Z INFO ConfigurationStore] CredFilePath: C:\Projects\django-git\actions-runner\.credentials
[2022-12-11 10:50:18Z INFO HostContext] Well known directory 'Bin': 'C:\Projects\django-git\actions-runner\bin'
[2022-12-11 10:50:18Z INFO HostContext] Well known directory 'Root': 'C:\Projects\django-git\actions-runner'
[2022-12-11 10:50:18Z INFO HostContext] Well known config file 'MigratedCredentials': 'C:\Projects\django-git\actions-runner\.credentials_migrated'
[2022-12-11 10:50:18Z INFO ConfigurationStore] MigratedCredFilePath: C:\Projects\django-git\actions-runner\.credentials_migrated
[2022-12-11 10:50:18Z INFO HostContext] Well known directory 'Bin': 'C:\Projects\django-git\actions-runner\bin'
[2022-12-11 10:50:18Z INFO HostContext] Well known directory 'Root': 'C:\Projects\django-git\actions-runner'
[2022-12-11 10:50:18Z INFO HostContext] Well known config file 'Service': 'C:\Projects\django-git\actions-runner\.service'
[2022-12-11 10:50:18Z INFO ConfigurationStore] ServiceConfigFilePath: C:\Projects\django-git\actions-runner\.service
[2022-12-11 10:50:18Z INFO CommandSettings] Flag 'help': 'False'
[2022-12-11 10:50:18Z INFO CommandSettings] Flag 'version': 'False'
[2022-12-11 10:50:18Z INFO CommandSettings] Flag 'commit': 'False'
[2022-12-11 10:50:18Z INFO CommandSettings] Flag 'check': 'False'
[2022-12-11 10:50:18Z INFO CommandSettings] Command 'configure': 'False'
[2022-12-11 10:50:18Z INFO CommandSettings] Command 'remove': 'False'
[2022-12-11 10:50:18Z INFO CommandSettings] Command 'warmup': 'False'
[2022-12-11 10:50:18Z INFO ConfigurationManager] LoadSettings
[2022-12-11 10:50:18Z INFO ConfigurationStore] IsConfigured()
[2022-12-11 10:50:18Z INFO ConfigurationStore] IsConfigured: True
[2022-12-11 10:50:18Z INFO ConfigurationManager] Is configured: True
[2022-12-11 10:50:18Z INFO ConfigurationStore] Read setting file: 304 chars
[2022-12-11 10:50:18Z INFO ConfigurationManager] Settings Loaded
[2022-12-11 10:50:18Z INFO ConfigurationStore] IsServiceConfigured()
[2022-12-11 10:50:18Z INFO ConfigurationStore] IsServiceConfigured: True
[2022-12-11 10:50:18Z INFO CommandSettings] Command 'run': 'True'
[2022-12-11 10:50:18Z INFO ConfigurationStore] IsConfigured()
[2022-12-11 10:50:18Z INFO ConfigurationStore] IsConfigured: True
[2022-12-11 10:50:18Z INFO ConfigurationManager] Is configured: True
[2022-12-11 10:50:18Z INFO Runner] Set runner startup type - Service
[2022-12-11 10:50:18Z INFO CommandSettings] Flag 'once': 'False'
[2022-12-11 10:50:18Z INFO CommandSettings] Flag 'once': 'False'
[2022-12-11 10:50:18Z INFO Runner] RunAsync
[2022-12-11 10:50:18Z INFO ConfigurationManager] LoadSettings
[2022-12-11 10:50:18Z INFO ConfigurationStore] IsConfigured()
[2022-12-11 10:50:18Z INFO ConfigurationStore] IsConfigured: True
[2022-12-11 10:50:18Z INFO ConfigurationManager] Is configured: True
[2022-12-11 10:50:18Z INFO ConfigurationManager] Settings Loaded
[2022-12-11 10:50:18Z INFO MessageListener] {
  "AgentId": 22,
  "AgentName": "AZ-GJ8VFER9",
  "PoolId": 1,
  "PoolName": "Default",
  "ServerUrl": "https://pipelines.actions.githubusercontent.com/okZDyHW4FaGlgThOV4XaWT7s0z4adscobM2TweqtV7dRUuEPO6",
  "GitHubUrl": "https://github.com/rbashish/rbashish.github.io",
  "WorkFolder": "_work"
}
[2022-12-11 10:50:18Z INFO MessageListener] Loading Credentials
[2022-12-11 10:50:18Z INFO ConfigurationStore] HasCredentials()
[2022-12-11 10:50:18Z INFO ConfigurationStore] stored True
[2022-12-11 10:50:18Z INFO CredentialManager] GetCredentialProvider
[2022-12-11 10:50:18Z INFO CredentialManager] Creating type OAuth
[2022-12-11 10:50:18Z INFO CredentialManager] Creating credential type: OAuth
[2022-12-11 10:50:18Z INFO HostContext] Well known directory 'Bin': 'C:\Projects\django-git\actions-runner\bin'
[2022-12-11 10:50:18Z INFO HostContext] Well known directory 'Root': 'C:\Projects\django-git\actions-runner'
[2022-12-11 10:50:18Z INFO HostContext] Well known config file 'RSACredentials': 'C:\Projects\django-git\actions-runner\.credentials_rsaparams'
[2022-12-11 10:50:18Z INFO RSAEncryptedFileKeyManager] Loading RSA key parameters from file C:\Projects\django-git\actions-runner\.credentials_rsaparams
[2022-12-11 10:50:18Z INFO MessageListener] Attempt to create session.
[2022-12-11 10:50:18Z INFO MessageListener] Connecting to the Runner Server...
[2022-12-11 10:50:18Z INFO RunnerServer] EstablishVssConnection
[2022-12-11 10:50:18Z INFO RunnerServer] Establish connection with 100 seconds timeout.
[2022-12-11 10:50:18Z INFO GitHubActionsService] Starting operation Location.GetConnectionData
[2022-12-11 10:50:19Z INFO RunnerServer] EstablishVssConnection
[2022-12-11 10:50:19Z INFO RunnerServer] Establish connection with 60 seconds timeout.
[2022-12-11 10:50:19Z INFO GitHubActionsService] Starting operation Location.GetConnectionData
[2022-12-11 10:50:19Z INFO RunnerServer] EstablishVssConnection
[2022-12-11 10:50:19Z INFO RunnerServer] Establish connection with 60 seconds timeout.
[2022-12-11 10:50:19Z INFO GitHubActionsService] Starting operation Location.GetConnectionData
[2022-12-11 10:50:20Z INFO GitHubActionsService] Finished operation Location.GetConnectionData
[2022-12-11 10:50:20Z INFO GitHubActionsService] Finished operation Location.GetConnectionData
[2022-12-11 10:50:20Z INFO GitHubActionsService] Finished operation Location.GetConnectionData
[2022-12-11 10:50:20Z INFO MessageListener] VssConnection created
[2022-12-11 10:50:20Z INFO Terminal] WRITE LINE: 
[2022-12-11 10:50:20Z INFO Terminal] WRITE LINE: 
[2022-12-11 10:50:20Z INFO RSAEncryptedFileKeyManager] Loading RSA key parameters from file C:\Projects\django-git\actions-runner\.credentials_rsaparams
[2022-12-11 10:50:20Z INFO RSAEncryptedFileKeyManager] Loading RSA key parameters from file C:\Projects\django-git\actions-runner\.credentials_rsaparams
[2022-12-11 10:50:21Z INFO GitHubActionsService] AAD Correlation ID for this token request: Unknown
[2022-12-11 10:50:22Z INFO MessageListener] Session created.
[2022-12-11 10:50:22Z INFO Terminal] WRITE LINE: Current runner version: '2.299.1'
[2022-12-11 10:50:22Z INFO Terminal] WRITE LINE: 2022-12-11 10:50:22Z: Listening for Jobs
[2022-12-11 10:50:22Z INFO JobDispatcher] Set runner/worker IPC timeout to 30 seconds.
