[2022-12-11 10:47:42Z INFO HostContext] No proxy settings were found based on environmental variables (http_proxy/https_proxy/HTTP_PROXY/HTTPS_PROXY)
[2022-12-11 10:47:42Z INFO HostContext] Well known directory 'Bin': 'C:\Projects\django-git\actions-runner\bin'
[2022-12-11 10:47:42Z INFO HostContext] Well known directory 'Root': 'C:\Projects\django-git\actions-runner'
[2022-12-11 10:47:42Z INFO HostContext] Well known config file 'Credentials': 'C:\Projects\django-git\actions-runner\.credentials'
[2022-12-11 10:47:42Z INFO HostContext] Well known directory 'Bin': 'C:\Projects\django-git\actions-runner\bin'
[2022-12-11 10:47:42Z INFO HostContext] Well known directory 'Root': 'C:\Projects\django-git\actions-runner'
[2022-12-11 10:47:42Z INFO HostContext] Well known config file 'Runner': 'C:\Projects\django-git\actions-runner\.runner'
[2022-12-11 10:47:42Z INFO Listener] Runner is built for Windows (X64) - win-x64.
[2022-12-11 10:47:42Z INFO Listener] RuntimeInformation: Microsoft Windows 10.0.22000.
[2022-12-11 10:47:42Z INFO Listener] Version: 2.299.1
[2022-12-11 10:47:42Z INFO Listener] Commit: 2e44f985bd9bf890dc061e654f6a850c6f1249cf
[2022-12-11 10:47:42Z INFO Listener] Culture: en-IN
[2022-12-11 10:47:42Z INFO Listener] UI Culture: en-US
[2022-12-11 10:47:42Z INFO HostContext] Well known directory 'Bin': 'C:\Projects\django-git\actions-runner\bin'
[2022-12-11 10:47:42Z INFO HostContext] Well known directory 'Root': 'C:\Projects\django-git\actions-runner'
[2022-12-11 10:47:42Z INFO Listener] Validating directory permissions for: 'C:\Projects\django-git\actions-runner'
[2022-12-11 10:47:42Z INFO CommandLineParser] Parse
[2022-12-11 10:47:42Z INFO CommandLineParser] Parsing 5 args
[2022-12-11 10:47:42Z INFO CommandLineParser] parsing argument
[2022-12-11 10:47:42Z INFO CommandLineParser] HasArgs: False
[2022-12-11 10:47:42Z INFO CommandLineParser] Adding Command: configure
[2022-12-11 10:47:42Z INFO CommandLineParser] parsing argument
[2022-12-11 10:47:42Z INFO CommandLineParser] HasArgs: True
[2022-12-11 10:47:42Z INFO CommandLineParser] arg: url
[2022-12-11 10:47:42Z INFO CommandLineParser] parsing argument
[2022-12-11 10:47:42Z INFO CommandLineParser] HasArgs: True
[2022-12-11 10:47:42Z INFO CommandLineParser] Adding option 'url': 'https://github.com/rbashish/rbashish.github.io'
[2022-12-11 10:47:42Z INFO CommandLineParser] parsing argument
[2022-12-11 10:47:42Z INFO CommandLineParser] HasArgs: True
[2022-12-11 10:47:42Z INFO CommandLineParser] arg: token
[2022-12-11 10:47:42Z INFO CommandLineParser] parsing argument
[2022-12-11 10:47:42Z INFO CommandLineParser] HasArgs: True
[2022-12-11 10:47:42Z INFO CommandLineParser] Adding option 'token': '***'
[2022-12-11 10:47:42Z INFO Listener] Arguments parsed
[2022-12-11 10:47:42Z INFO Runner] ExecuteCommand
[2022-12-11 10:47:42Z INFO ConfigurationStore] currentAssemblyLocation: C:\Projects\django-git\actions-runner\bin\Runner.Listener.dll
[2022-12-11 10:47:42Z INFO HostContext] Well known directory 'Bin': 'C:\Projects\django-git\actions-runner\bin'
[2022-12-11 10:47:42Z INFO ConfigurationStore] binPath: C:\Projects\django-git\actions-runner\bin
[2022-12-11 10:47:42Z INFO HostContext] Well known directory 'Bin': 'C:\Projects\django-git\actions-runner\bin'
[2022-12-11 10:47:42Z INFO HostContext] Well known directory 'Root': 'C:\Projects\django-git\actions-runner'
[2022-12-11 10:47:42Z INFO ConfigurationStore] RootFolder: C:\Projects\django-git\actions-runner
[2022-12-11 10:47:42Z INFO HostContext] Well known directory 'Bin': 'C:\Projects\django-git\actions-runner\bin'
[2022-12-11 10:47:42Z INFO HostContext] Well known directory 'Root': 'C:\Projects\django-git\actions-runner'
[2022-12-11 10:47:42Z INFO HostContext] Well known config file 'Runner': 'C:\Projects\django-git\actions-runner\.runner'
[2022-12-11 10:47:42Z INFO ConfigurationStore] ConfigFilePath: C:\Projects\django-git\actions-runner\.runner
[2022-12-11 10:47:42Z INFO HostContext] Well known directory 'Bin': 'C:\Projects\django-git\actions-runner\bin'
[2022-12-11 10:47:42Z INFO HostContext] Well known directory 'Root': 'C:\Projects\django-git\actions-runner'
[2022-12-11 10:47:42Z INFO HostContext] Well known config file 'Credentials': 'C:\Projects\django-git\actions-runner\.credentials'
[2022-12-11 10:47:42Z INFO ConfigurationStore] CredFilePath: C:\Projects\django-git\actions-runner\.credentials
[2022-12-11 10:47:42Z INFO HostContext] Well known directory 'Bin': 'C:\Projects\django-git\actions-runner\bin'
[2022-12-11 10:47:42Z INFO HostContext] Well known directory 'Root': 'C:\Projects\django-git\actions-runner'
[2022-12-11 10:47:42Z INFO HostContext] Well known config file 'MigratedCredentials': 'C:\Projects\django-git\actions-runner\.credentials_migrated'
[2022-12-11 10:47:42Z INFO ConfigurationStore] MigratedCredFilePath: C:\Projects\django-git\actions-runner\.credentials_migrated
[2022-12-11 10:47:42Z INFO HostContext] Well known directory 'Bin': 'C:\Projects\django-git\actions-runner\bin'
[2022-12-11 10:47:42Z INFO HostContext] Well known directory 'Root': 'C:\Projects\django-git\actions-runner'
[2022-12-11 10:47:42Z INFO HostContext] Well known config file 'Service': 'C:\Projects\django-git\actions-runner\.service'
[2022-12-11 10:47:42Z INFO ConfigurationStore] ServiceConfigFilePath: C:\Projects\django-git\actions-runner\.service
[2022-12-11 10:47:42Z INFO CommandSettings] Flag 'help': 'False'
[2022-12-11 10:47:42Z INFO CommandSettings] Flag 'version': 'False'
[2022-12-11 10:47:42Z INFO CommandSettings] Flag 'commit': 'False'
[2022-12-11 10:47:42Z INFO CommandSettings] Flag 'check': 'False'
[2022-12-11 10:47:42Z INFO CommandSettings] Command 'configure': 'True'
[2022-12-11 10:47:42Z INFO Terminal] WRITE LINE: 
[2022-12-11 10:47:42Z INFO Terminal] WRITE LINE: --------------------------------------------------------------------------------
[2022-12-11 10:47:42Z INFO Terminal] WRITE LINE: |        ____ _ _   _   _       _          _        _   _                      |
[2022-12-11 10:47:42Z INFO Terminal] WRITE LINE: |       / ___(_) |_| | | |_   _| |__      / \   ___| |_(_) ___  _ __  ___      |
[2022-12-11 10:47:42Z INFO Terminal] WRITE LINE: |      | |  _| | __| |_| | | | | '_ \    / _ \ / __| __| |/ _ \| '_ \/ __|     |
[2022-12-11 10:47:42Z INFO Terminal] WRITE LINE: |      | |_| | | |_|  _  | |_| | |_) |  / ___ \ (__| |_| | (_) | | | \__ \     |
[2022-12-11 10:47:42Z INFO Terminal] WRITE LINE: |       \____|_|\__|_| |_|\__,_|_.__/  /_/   \_\___|\__|_|\___/|_| |_|___/     |
[2022-12-11 10:47:42Z INFO Terminal] WRITE LINE: |                                                                              |
[2022-12-11 10:47:42Z INFO Terminal] WRITE: |                       
[2022-12-11 10:47:42Z INFO Terminal] WRITE: Self-hosted runner registration
[2022-12-11 10:47:42Z INFO Terminal] WRITE LINE:                         |
[2022-12-11 10:47:42Z INFO Terminal] WRITE LINE: |                                                                              |
[2022-12-11 10:47:42Z INFO Terminal] WRITE LINE: --------------------------------------------------------------------------------
[2022-12-11 10:47:42Z INFO ConfigurationManager] ConfigureAsync
[2022-12-11 10:47:42Z INFO CommandSettings] Flag 'generateServiceConfig': 'False'
[2022-12-11 10:47:42Z INFO ConfigurationStore] IsConfigured()
[2022-12-11 10:47:42Z INFO ConfigurationStore] IsConfigured: True
[2022-12-11 10:47:42Z INFO ConfigurationManager] Is configured: True
[2022-12-11 10:47:42Z ERR  Runner] System.InvalidOperationException: Cannot configure the runner because it is already configured. To reconfigure the runner, run 'config.cmd remove' or './config.sh remove' first.
   at GitHub.Runner.Listener.Configuration.ConfigurationManager.ConfigureAsync(CommandSettings command)
   at GitHub.Runner.Listener.Runner.ExecuteCommand(CommandSettings command)
[2022-12-11 10:47:42Z ERR  Terminal] WRITE ERROR: Cannot configure the runner because it is already configured. To reconfigure the runner, run 'config.cmd remove' or './config.sh remove' first.
[2022-12-11 10:47:42Z INFO Listener] Runner execution has finished with return code 1
